2021-03-26 15:05:51.656  INFO 19364 --- [restartedMain] com.ep.yunq.YunqApplication              : Starting YunqApplication using Java 1.8.0_212 on YYC-PC with PID 19364 (D:\gcxl\target\classes started by yan in D:\gcxl)
2021-03-26 15:05:51.660  INFO 19364 --- [restartedMain] com.ep.yunq.YunqApplication              : No active profile set, falling back to default profiles: default
2021-03-26 15:05:51.703  INFO 19364 --- [restartedMain] .e.DevToolsPropertyDefaultsPostProcessor : Devtools property defaults active! Set 'spring.devtools.add-properties' to 'false' to disable
2021-03-26 15:05:51.703  INFO 19364 --- [restartedMain] .e.DevToolsPropertyDefaultsPostProcessor : For additional web related logging consider setting the 'logging.level.web' property to 'DEBUG'
2021-03-26 15:05:52.257  INFO 19364 --- [restartedMain] .s.d.r.c.RepositoryConfigurationDelegate : Multiple Spring Data modules found, entering strict repository configuration mode!
2021-03-26 15:05:52.259  INFO 19364 --- [restartedMain] .s.d.r.c.RepositoryConfigurationDelegate : Bootstrapping Spring Data Elasticsearch repositories in DEFAULT mode.
2021-03-26 15:05:52.283  INFO 19364 --- [restartedMain] .RepositoryConfigurationExtensionSupport : Spring Data Elasticsearch - Could not safely identify store assignment for repository candidate interface com.ep.yunq.dao.AdminRoleDAO. If you want this repository to be a Elasticsearch repository, consider annotating your entities with one of these annotations: org.springframework.data.elasticsearch.annotations.Document (preferred), or consider extending one of the following types with your repository: org.springframework.data.elasticsearch.repository.ElasticsearchRepository, org.springframework.data.elasticsearch.repository.ElasticsearchRepository.
2021-03-26 15:05:52.286  INFO 19364 --- [restartedMain] .RepositoryConfigurationExtensionSupport : Spring Data Elasticsearch - Could not safely identify store assignment for repository candidate interface com.ep.yunq.dao.AdminUserToRoleDAO. If you want this repository to be a Elasticsearch repository, consider annotating your entities with one of these annotations: org.springframework.data.elasticsearch.annotations.Document (preferred), or consider extending one of the following types with your repository: org.springframework.data.elasticsearch.repository.ElasticsearchRepository, org.springframework.data.elasticsearch.repository.ElasticsearchRepository.
2021-03-26 15:05:52.288  INFO 19364 --- [restartedMain] .RepositoryConfigurationExtensionSupport : Spring Data Elasticsearch - Could not safely identify store assignment for repository candidate interface com.ep.yunq.dao.UserDAO. If you want this repository to be a Elasticsearch repository, consider annotating your entities with one of these annotations: org.springframework.data.elasticsearch.annotations.Document (preferred), or consider extending one of the following types with your repository: org.springframework.data.elasticsearch.repository.ElasticsearchRepository, org.springframework.data.elasticsearch.repository.ElasticsearchRepository.
2021-03-26 15:05:52.289  INFO 19364 --- [restartedMain] .s.d.r.c.RepositoryConfigurationDelegate : Finished Spring Data repository scanning in 26 ms. Found 0 Elasticsearch repository interfaces.
2021-03-26 15:05:52.292  INFO 19364 --- [restartedMain] .s.d.r.c.RepositoryConfigurationDelegate : Multiple Spring Data modules found, entering strict repository configuration mode!
2021-03-26 15:05:52.293  INFO 19364 --- [restartedMain] .s.d.r.c.RepositoryConfigurationDelegate : Bootstrapping Spring Data Reactive Elasticsearch repositories in DEFAULT mode.
2021-03-26 15:05:52.296  INFO 19364 --- [restartedMain] .RepositoryConfigurationExtensionSupport : Spring Data Reactive Elasticsearch - Could not safely identify store assignment for repository candidate interface com.ep.yunq.dao.AdminRoleDAO. If you want this repository to be a Reactive Elasticsearch repository, consider annotating your entities with one of these annotations: org.springframework.data.elasticsearch.annotations.Document (preferred), or consider extending one of the following types with your repository: org.springframework.data.elasticsearch.repository.ReactiveElasticsearchRepository.
2021-03-26 15:05:52.297  INFO 19364 --- [restartedMain] .RepositoryConfigurationExtensionSupport : Spring Data Reactive Elasticsearch - Could not safely identify store assignment for repository candidate interface com.ep.yunq.dao.AdminUserToRoleDAO. If you want this repository to be a Reactive Elasticsearch repository, consider annotating your entities with one of these annotations: org.springframework.data.elasticsearch.annotations.Document (preferred), or consider extending one of the following types with your repository: org.springframework.data.elasticsearch.repository.ReactiveElasticsearchRepository.
2021-03-26 15:05:52.297  INFO 19364 --- [restartedMain] .RepositoryConfigurationExtensionSupport : Spring Data Reactive Elasticsearch - Could not safely identify store assignment for repository candidate interface com.ep.yunq.dao.UserDAO. If you want this repository to be a Reactive Elasticsearch repository, consider annotating your entities with one of these annotations: org.springframework.data.elasticsearch.annotations.Document (preferred), or consider extending one of the following types with your repository: org.springframework.data.elasticsearch.repository.ReactiveElasticsearchRepository.
2021-03-26 15:05:52.298  INFO 19364 --- [restartedMain] .s.d.r.c.RepositoryConfigurationDelegate : Finished Spring Data repository scanning in 4 ms. Found 0 Reactive Elasticsearch repository interfaces.
2021-03-26 15:05:52.304  INFO 19364 --- [restartedMain] .s.d.r.c.RepositoryConfigurationDelegate : Multiple Spring Data modules found, entering strict repository configuration mode!
2021-03-26 15:05:52.304  INFO 19364 --- [restartedMain] .s.d.r.c.RepositoryConfigurationDelegate : Bootstrapping Spring Data JPA repositories in DEFAULT mode.
2021-03-26 15:05:52.340  INFO 19364 --- [restartedMain] .s.d.r.c.RepositoryConfigurationDelegate : Finished Spring Data repository scanning in 32 ms. Found 3 JPA repository interfaces.
2021-03-26 15:05:52.353  INFO 19364 --- [restartedMain] .s.d.r.c.RepositoryConfigurationDelegate : Multiple Spring Data modules found, entering strict repository configuration mode!
2021-03-26 15:05:52.354  INFO 19364 --- [restartedMain] .s.d.r.c.RepositoryConfigurationDelegate : Bootstrapping Spring Data Redis repositories in DEFAULT mode.
2021-03-26 15:05:52.364  INFO 19364 --- [restartedMain] .RepositoryConfigurationExtensionSupport : Spring Data Redis - Could not safely identify store assignment for repository candidate interface com.ep.yunq.dao.AdminRoleDAO. If you want this repository to be a Redis repository, consider annotating your entities with one of these annotations: org.springframework.data.redis.core.RedisHash (preferred), or consider extending one of the following types with your repository: org.springframework.data.keyvalue.repository.KeyValueRepository.
2021-03-26 15:05:52.364  INFO 19364 --- [restartedMain] .RepositoryConfigurationExtensionSupport : Spring Data Redis - Could not safely identify store assignment for repository candidate interface com.ep.yunq.dao.AdminUserToRoleDAO. If you want this repository to be a Redis repository, consider annotating your entities with one of these annotations: org.springframework.data.redis.core.RedisHash (preferred), or consider extending one of the following types with your repository: org.springframework.data.keyvalue.repository.KeyValueRepository.
2021-03-26 15:05:52.365  INFO 19364 --- [restartedMain] .RepositoryConfigurationExtensionSupport : Spring Data Redis - Could not safely identify store assignment for repository candidate interface com.ep.yunq.dao.UserDAO. If you want this repository to be a Redis repository, consider annotating your entities with one of these annotations: org.springframework.data.redis.core.RedisHash (preferred), or consider extending one of the following types with your repository: org.springframework.data.keyvalue.repository.KeyValueRepository.
2021-03-26 15:05:52.365  INFO 19364 --- [restartedMain] .s.d.r.c.RepositoryConfigurationDelegate : Finished Spring Data repository scanning in 4 ms. Found 0 Redis repository interfaces.
2021-03-26 15:05:52.863  INFO 19364 --- [restartedMain] o.s.b.w.embedded.tomcat.TomcatWebServer  : Tomcat initialized with port(s): 8080 (http)
2021-03-26 15:05:52.870  INFO 19364 --- [restartedMain] o.apache.catalina.core.StandardService   : Starting service [Tomcat]
2021-03-26 15:05:52.870  INFO 19364 --- [restartedMain] org.apache.catalina.core.StandardEngine  : Starting Servlet engine: [Apache Tomcat/9.0.43]
2021-03-26 15:05:53.021  INFO 19364 --- [restartedMain] o.a.c.c.C.[Tomcat].[localhost].[/]       : Initializing Spring embedded WebApplicationContext
2021-03-26 15:05:53.021  INFO 19364 --- [restartedMain] w.s.c.ServletWebServerApplicationContext : Root WebApplicationContext: initialization completed in 1317 ms
2021-03-26 15:05:53.170  INFO 19364 --- [restartedMain] o.hibernate.jpa.internal.util.LogHelper  : HHH000204: Processing PersistenceUnitInfo [name: default]
2021-03-26 15:05:53.208  INFO 19364 --- [restartedMain] org.hibernate.Version                    : HHH000412: Hibernate ORM core version 5.4.28.Final
2021-03-26 15:05:53.388  INFO 19364 --- [restartedMain] o.hibernate.annotations.common.Version   : HCANN000001: Hibernate Commons Annotations {5.1.2.Final}
2021-03-26 15:05:53.469  INFO 19364 --- [restartedMain] com.zaxxer.hikari.HikariDataSource       : HikariPool-1 - Starting...
2021-03-26 15:05:54.006  INFO 19364 --- [restartedMain] com.zaxxer.hikari.HikariDataSource       : HikariPool-1 - Start completed.
2021-03-26 15:05:54.022  INFO 19364 --- [restartedMain] org.hibernate.dialect.Dialect            : HHH000400: Using dialect: org.hibernate.dialect.MySQL8Dialect
2021-03-26 15:05:54.502  INFO 19364 --- [restartedMain] o.h.e.t.j.p.i.JtaPlatformInitiator       : HHH000490: Using JtaPlatform implementation: [org.hibernate.engine.transaction.jta.platform.internal.NoJtaPlatform]
2021-03-26 15:05:54.513  INFO 19364 --- [restartedMain] j.LocalContainerEntityManagerFactoryBean : Initialized JPA EntityManagerFactory for persistence unit 'default'
2021-03-26 15:05:54.976  INFO 19364 --- [restartedMain] o.s.s.concurrent.ThreadPoolTaskExecutor  : Initializing ExecutorService 'applicationTaskExecutor'
2021-03-26 15:05:55.080  WARN 19364 --- [restartedMain] ion$DefaultTemplateResolverConfiguration : Cannot find template location: classpath:/templates/ (please add some templates or check your Thymeleaf configuration)
2021-03-26 15:05:55.744  WARN 19364 --- [restartedMain] o.s.data.convert.CustomConversions       : Registering converter from class org.springframework.data.geo.Point to interface java.util.Map as writing converter although it doesn't convert to a store-supported type! You might want to check your annotation setup at the converter implementation.
2021-03-26 15:05:55.744  WARN 19364 --- [restartedMain] o.s.data.convert.CustomConversions       : Registering converter from interface java.util.Map to class org.springframework.data.geo.Point as reading converter although it doesn't convert from a store-supported type! You might want to check your annotation setup at the converter implementation.
2021-03-26 15:05:55.744  WARN 19364 --- [restartedMain] o.s.data.convert.CustomConversions       : Registering converter from class org.springframework.data.elasticsearch.core.geo.GeoPoint to interface java.util.Map as writing converter although it doesn't convert to a store-supported type! You might want to check your annotation setup at the converter implementation.
2021-03-26 15:05:55.744  WARN 19364 --- [restartedMain] o.s.data.convert.CustomConversions       : Registering converter from interface java.util.Map to class org.springframework.data.elasticsearch.core.geo.GeoPoint as reading converter although it doesn't convert from a store-supported type! You might want to check your annotation setup at the converter implementation.
2021-03-26 15:05:55.745  WARN 19364 --- [restartedMain] o.s.data.convert.CustomConversions       : Registering converter from interface org.springframework.data.elasticsearch.core.geo.GeoJson to interface java.util.Map as writing converter although it doesn't convert to a store-supported type! You might want to check your annotation setup at the converter implementation.
2021-03-26 15:05:55.745  WARN 19364 --- [restartedMain] o.s.data.convert.CustomConversions       : Registering converter from interface java.util.Map to interface org.springframework.data.elasticsearch.core.geo.GeoJson as reading converter although it doesn't convert from a store-supported type! You might want to check your annotation setup at the converter implementation.
2021-03-26 15:05:55.745  WARN 19364 --- [restartedMain] o.s.data.convert.CustomConversions       : Registering converter from class org.springframework.data.elasticsearch.core.geo.GeoJsonPoint to interface java.util.Map as writing converter although it doesn't convert to a store-supported type! You might want to check your annotation setup at the converter implementation.
2021-03-26 15:05:55.745  WARN 19364 --- [restartedMain] o.s.data.convert.CustomConversions       : Registering converter from interface java.util.Map to class org.springframework.data.elasticsearch.core.geo.GeoJsonPoint as reading converter although it doesn't convert from a store-supported type! You might want to check your annotation setup at the converter implementation.
2021-03-26 15:05:55.745  WARN 19364 --- [restartedMain] o.s.data.convert.CustomConversions       : Registering converter from class org.springframework.data.elasticsearch.core.geo.GeoJsonMultiPoint to interface java.util.Map as writing converter although it doesn't convert to a store-supported type! You might want to check your annotation setup at the converter implementation.
2021-03-26 15:05:55.745  WARN 19364 --- [restartedMain] o.s.data.convert.CustomConversions       : Registering converter from interface java.util.Map to class org.springframework.data.elasticsearch.core.geo.GeoJsonMultiPoint as reading converter although it doesn't convert from a store-supported type! You might want to check your annotation setup at the converter implementation.
2021-03-26 15:05:55.745  WARN 19364 --- [restartedMain] o.s.data.convert.CustomConversions       : Registering converter from class org.springframework.data.elasticsearch.core.geo.GeoJsonLineString to interface java.util.Map as writing converter although it doesn't convert to a store-supported type! You might want to check your annotation setup at the converter implementation.
2021-03-26 15:05:55.745  WARN 19364 --- [restartedMain] o.s.data.convert.CustomConversions       : Registering converter from interface java.util.Map to class org.springframework.data.elasticsearch.core.geo.GeoJsonLineString as reading converter although it doesn't convert from a store-supported type! You might want to check your annotation setup at the converter implementation.
2021-03-26 15:05:55.746  WARN 19364 --- [restartedMain] o.s.data.convert.CustomConversions       : Registering converter from class org.springframework.data.elasticsearch.core.geo.GeoJsonMultiLineString to interface java.util.Map as writing converter although it doesn't convert to a store-supported type! You might want to check your annotation setup at the converter implementation.
2021-03-26 15:05:55.746  WARN 19364 --- [restartedMain] o.s.data.convert.CustomConversions       : Registering converter from interface java.util.Map to class org.springframework.data.elasticsearch.core.geo.GeoJsonMultiLineString as reading converter although it doesn't convert from a store-supported type! You might want to check your annotation setup at the converter implementation.
2021-03-26 15:05:55.746  WARN 19364 --- [restartedMain] o.s.data.convert.CustomConversions       : Registering converter from class org.springframework.data.elasticsearch.core.geo.GeoJsonPolygon to interface java.util.Map as writing converter although it doesn't convert to a store-supported type! You might want to check your annotation setup at the converter implementation.
2021-03-26 15:05:55.746  WARN 19364 --- [restartedMain] o.s.data.convert.CustomConversions       : Registering converter from interface java.util.Map to class org.springframework.data.elasticsearch.core.geo.GeoJsonPolygon as reading converter although it doesn't convert from a store-supported type! You might want to check your annotation setup at the converter implementation.
2021-03-26 15:05:55.746  WARN 19364 --- [restartedMain] o.s.data.convert.CustomConversions       : Registering converter from class org.springframework.data.elasticsearch.core.geo.GeoJsonMultiPolygon to interface java.util.Map as writing converter although it doesn't convert to a store-supported type! You might want to check your annotation setup at the converter implementation.
2021-03-26 15:05:55.746  WARN 19364 --- [restartedMain] o.s.data.convert.CustomConversions       : Registering converter from interface java.util.Map to class org.springframework.data.elasticsearch.core.geo.GeoJsonMultiPolygon as reading converter although it doesn't convert from a store-supported type! You might want to check your annotation setup at the converter implementation.
2021-03-26 15:05:55.746  WARN 19364 --- [restartedMain] o.s.data.convert.CustomConversions       : Registering converter from class org.springframework.data.elasticsearch.core.geo.GeoJsonGeometryCollection to interface java.util.Map as writing converter although it doesn't convert to a store-supported type! You might want to check your annotation setup at the converter implementation.
2021-03-26 15:05:55.746  WARN 19364 --- [restartedMain] o.s.data.convert.CustomConversions       : Registering converter from interface java.util.Map to class org.springframework.data.elasticsearch.core.geo.GeoJsonGeometryCollection as reading converter although it doesn't convert from a store-supported type! You might want to check your annotation setup at the converter implementation.
2021-03-26 15:05:56.797  INFO 19364 --- [restartedMain] o.s.d.elasticsearch.support.VersionInfo  : Version Spring Data Elasticsearch: 4.1.5
2021-03-26 15:05:56.798  INFO 19364 --- [restartedMain] o.s.d.elasticsearch.support.VersionInfo  : Version Elasticsearch Client in build: 7.9.3
2021-03-26 15:05:56.798  INFO 19364 --- [restartedMain] o.s.d.elasticsearch.support.VersionInfo  : Version Elasticsearch Client used: 7.9.3
2021-03-26 15:05:56.912  INFO 19364 --- [restartedMain] o.s.b.d.a.OptionalLiveReloadServer       : LiveReload server is running on port 35729
2021-03-26 15:05:56.942  INFO 19364 --- [restartedMain] o.s.b.w.embedded.tomcat.TomcatWebServer  : Tomcat started on port(s): 8080 (http) with context path ''
2021-03-26 15:05:56.952  INFO 19364 --- [restartedMain] com.ep.yunq.YunqApplication              : Started YunqApplication in 5.73 seconds (JVM running for 6.929)
2021-03-26 15:06:02.897  INFO 19364 --- [http-nio-8080-exec-1] o.a.c.c.C.[Tomcat].[localhost].[/]       : Initializing Spring DispatcherServlet 'dispatcherServlet'
2021-03-26 15:06:02.897  INFO 19364 --- [http-nio-8080-exec-1] o.s.web.servlet.DispatcherServlet        : Initializing Servlet 'dispatcherServlet'
2021-03-26 15:06:02.898  INFO 19364 --- [http-nio-8080-exec-1] o.s.web.servlet.DispatcherServlet        : Completed initialization in 1 ms
2021-03-26 15:06:02.915  INFO 19364 --- [http-nio-8080-exec-1] com.ep.yunq.controller.test              : 123245:yan
