11:05:09.397 [http-nio-8080-exec-1] INFO  o.a.c.c.C.[Tomcat].[localhost].[/] - Initializing Spring DispatcherServlet 'dispatcherServlet'
11:05:09.402 [http-nio-8080-exec-1] INFO  o.s.web.servlet.DispatcherServlet - Initializing Servlet 'dispatcherServlet'
11:05:09.428 [http-nio-8080-exec-1] INFO  o.s.web.servlet.DispatcherServlet - Completed initialization in 25 ms
11:05:09.764 [http-nio-8080-exec-1] INFO  c.e.y.a.appservice.LoginAppService - 用户：13506976031,登录成功
11:05:10.351 [http-nio-8080-exec-2] INFO  c.ep.yunq.controller.MenuController - ---------------- 获取用户菜单 ----------------------
11:05:10.495 [http-nio-8080-exec-4] INFO  c.ep.yunq.controller.MenuController - ---------------- 获取用户菜单 ----------------------
11:05:13.209 [http-nio-8080-exec-3] INFO  c.ep.yunq.controller.MenuController - ---------------- 获取用户菜单 ----------------------
11:05:13.827 [http-nio-8080-exec-5] INFO  c.e.yunq.controller.ParamsController - ---------------- 获取所有系统参数 ----------------------
11:08:24.861 [http-nio-8080-exec-4] INFO  c.ep.yunq.controller.MenuController - ---------------- 获取用户菜单 ----------------------
11:08:24.937 [http-nio-8080-exec-2] INFO  c.ep.yunq.controller.MenuController - ---------------- 获取用户菜单 ----------------------
11:08:24.981 [http-nio-8080-exec-3] INFO  c.ep.yunq.controller.MenuController - ---------------- 获取用户菜单 ----------------------
11:08:25.312 [http-nio-8080-exec-5] INFO  c.e.yunq.controller.ParamsController - ---------------- 获取所有系统参数 ----------------------
11:08:38.617 [http-nio-8080-exec-6] INFO  c.e.yunq.controller.ParamsController - ---------------- 获取所有系统参数 ----------------------
11:08:40.270 [http-nio-8080-exec-9] INFO  c.e.yunq.controller.ParamsController - ---------------- 获取所有系统参数 ----------------------
11:15:14.629 [http-nio-8080-exec-10] INFO  c.e.yunq.controller.ParamsController - ---------------- 获取所有系统参数 ----------------------
11:15:47.683 [http-nio-8080-exec-1] INFO  c.e.yunq.controller.ParamsController - ---------------- 获取所有系统参数 ----------------------
11:16:02.969 [http-nio-8080-exec-8] INFO  c.ep.yunq.controller.MenuController - ---------------- 获取用户菜单 ----------------------
11:16:03.060 [http-nio-8080-exec-7] INFO  c.ep.yunq.controller.MenuController - ---------------- 获取用户菜单 ----------------------
11:16:03.075 [http-nio-8080-exec-4] INFO  c.ep.yunq.controller.MenuController - ---------------- 获取用户菜单 ----------------------
11:16:03.370 [http-nio-8080-exec-2] INFO  c.e.yunq.controller.ParamsController - ---------------- 获取所有系统参数 ----------------------
11:18:57.371 [http-nio-8080-exec-3] INFO  c.ep.yunq.controller.MenuController - ---------------- 获取用户菜单 ----------------------
11:18:57.669 [http-nio-8080-exec-5] INFO  com.ep.yunq.controller.DicControllor - ---------------- 获取所有字典类型 ----------------------
11:18:59.219 [http-nio-8080-exec-6] INFO  com.ep.yunq.controller.DicControllor - ---------------- 获取所有字典明细 ----------------------
11:30:14.449 [http-nio-8080-exec-9] INFO  c.ep.yunq.controller.MenuController - ---------------- 获取用户菜单 ----------------------
11:30:14.709 [http-nio-8080-exec-10] INFO  c.e.yunq.controller.ParamsController - ---------------- 获取所有系统参数 ----------------------
11:30:15.137 [http-nio-8080-exec-1] INFO  c.ep.yunq.controller.MenuController - ---------------- 获取用户菜单 ----------------------
11:30:16.033 [http-nio-8080-exec-8] INFO  c.e.y.c.SchoolInstitutionController - ---------------- 获取所有学校机构 ----------------------
11:30:17.587 [http-nio-8080-exec-7] INFO  c.e.y.c.SchoolInstitutionController - ---------------- 查找子节点 ----------------------
11:30:20.218 [http-nio-8080-exec-4] INFO  c.e.y.c.SchoolInstitutionController - ---------------- 查找子节点 ----------------------
11:30:21.276 [http-nio-8080-exec-2] INFO  c.e.y.c.SchoolInstitutionController - ---------------- 查找子节点 ----------------------
15:43:22.235 [http-nio-8080-exec-3] INFO  c.ep.yunq.controller.MenuController - ---------------- 获取用户菜单 ----------------------
15:43:22.474 [http-nio-8080-exec-5] INFO  c.e.yunq.controller.ParamsController - ---------------- 获取所有系统参数 ----------------------
