16:37:22.515 [http-nio-8080-exec-9] INFO  c.e.y.a.appservice.LoginAppService - 用户：13123191360,登录成功
16:37:22.875 [http-nio-8080-exec-10] INFO  c.e.yunq.controller.CourseController - ---------------- 获取我创建的课程 ----------------------
16:42:22.245 [http-nio-8080-exec-5] INFO  c.e.yunq.controller.CourseController - ---------------- 获取我创建的课程 ----------------------
16:43:19.346 [http-nio-8080-exec-7] INFO  c.e.yunq.controller.CourseController - ---------------- 获取我创建的课程 ----------------------
16:44:00.197 [http-nio-8080-exec-9] INFO  c.e.y.a.appservice.LoginAppService - 用户：13123191360,登录成功
16:44:15.599 [http-nio-8080-exec-10] INFO  c.e.yunq.controller.CourseController - ---------------- 获取我创建的课程 ----------------------
16:45:06.237 [http-nio-8080-exec-5] INFO  c.e.yunq.controller.CourseController - ---------------- 根据code获取课程 ----------------------
16:45:31.522 [http-nio-8080-exec-2] INFO  c.e.yunq.controller.CourseController - ---------------- 获取我创建的课程 ----------------------
16:45:49.846 [http-nio-8080-exec-9] INFO  c.e.yunq.controller.CourseController - ---------------- 获取我创建的课程 ----------------------
16:45:56.349 [http-nio-8080-exec-2] INFO  c.e.yunq.controller.CourseController - ---------------- 获取我创建的课程 ----------------------
16:46:17.953 [http-nio-8080-exec-10] INFO  c.e.yunq.controller.CourseController - ---------------- 获取我创建的课程 ----------------------
16:46:23.705 [http-nio-8080-exec-4] INFO  c.e.yunq.controller.CourseController - ---------------- 获取我创建的课程 ----------------------
16:46:50.552 [http-nio-8080-exec-3] INFO  c.e.y.a.appservice.LoginAppService - 用户：13123191360,登录成功
16:46:50.842 [http-nio-8080-exec-1] INFO  c.e.yunq.controller.CourseController - ---------------- 获取我创建的课程 ----------------------
19:20:43.943 [http-nio-8080-exec-4] INFO  c.e.yunq.controller.CourseController - ---------------- 获取我创建的课程 ----------------------
19:23:05.037 [http-nio-8080-exec-6] INFO  c.e.yunq.controller.CourseController - ---------------- 根据code获取课程 ----------------------
20:56:01.487 [http-nio-8080-exec-9] INFO  c.e.y.a.appservice.LoginAppService - 用户：13506976031,登录成功
20:56:01.721 [http-nio-8080-exec-10] INFO  c.ep.yunq.controller.MenuController - ---------------- 获取用户菜单 ----------------------
20:56:01.812 [http-nio-8080-exec-3] INFO  c.ep.yunq.controller.MenuController - ---------------- 获取用户菜单 ----------------------
20:56:04.413 [http-nio-8080-exec-1] INFO  c.ep.yunq.controller.MenuController - ---------------- 获取用户菜单 ----------------------
20:56:05.056 [http-nio-8080-exec-5] INFO  c.ep.yunq.controller.UserController - ---------------- 获取所有用户 ----------------------
20:56:05.364 [http-nio-8080-exec-2] INFO  c.e.y.c.SchoolInstitutionController - ---------------- 获取所有学校机构 ----------------------
20:56:10.024 [http-nio-8080-exec-4] INFO  c.ep.yunq.controller.RoleController - ---------------- 获取所有角色 ----------------------
20:56:42.170 [http-nio-8080-exec-7] INFO  c.ep.yunq.controller.MenuController - ---------------- 获取用户菜单 ----------------------
20:56:42.235 [http-nio-8080-exec-6] INFO  c.ep.yunq.controller.MenuController - ---------------- 获取用户菜单 ----------------------
20:56:42.525 [http-nio-8080-exec-8] INFO  c.ep.yunq.controller.MenuController - ---------------- 获取用户菜单 ----------------------
20:56:42.584 [http-nio-8080-exec-9] INFO  c.ep.yunq.controller.UserController - ---------------- 获取所有用户 ----------------------
20:56:42.596 [http-nio-8080-exec-10] INFO  c.e.y.c.SchoolInstitutionController - ---------------- 获取所有学校机构 ----------------------
20:56:56.509 [http-nio-8080-exec-3] INFO  c.ep.yunq.controller.MenuController - ---------------- 获取用户菜单 ----------------------
20:56:57.113 [http-nio-8080-exec-1] INFO  c.ep.yunq.controller.RoleController - ---------------- 获取所有角色 ----------------------
20:56:57.419 [http-nio-8080-exec-5] INFO  c.ep.yunq.controller.MenuController - ---------------- 获取所有菜单 ----------------------
20:56:57.419 [http-nio-8080-exec-2] INFO  c.e.y.c.PermissionController - ---------------- 获取所有权限 ----------------------
21:03:38.019 [http-nio-8080-exec-4] INFO  c.e.yunq.controller.CourseController - ---------------- 获取我创建的课程 ----------------------
21:04:01.069 [http-nio-8080-exec-7] INFO  c.e.yunq.controller.CourseController - ---------------- 根据code获取课程 ----------------------
21:07:11.565 [http-nio-8080-exec-8] INFO  c.e.yunq.controller.CourseController - ---------------- 获取我创建的课程 ----------------------
21:07:21.155 [http-nio-8080-exec-9] INFO  c.e.yunq.controller.CourseController - ---------------- 根据code获取课程 ----------------------
21:15:46.275 [http-nio-8080-exec-1] INFO  c.ep.yunq.controller.MenuController - ---------------- 获取所有菜单 ----------------------
21:15:46.275 [http-nio-8080-exec-3] INFO  c.ep.yunq.controller.RoleController - ---------------- 获取所有角色 ----------------------
21:15:46.586 [http-nio-8080-exec-5] INFO  c.e.y.c.PermissionController - ---------------- 获取所有权限 ----------------------
21:16:45.702 [http-nio-8080-exec-4] INFO  c.ep.yunq.controller.MenuController - ---------------- 获取所有菜单 ----------------------
21:16:45.702 [http-nio-8080-exec-2] INFO  c.ep.yunq.controller.RoleController - ---------------- 获取所有角色 ----------------------
21:16:46.010 [http-nio-8080-exec-7] INFO  c.e.y.c.PermissionController - ---------------- 获取所有权限 ----------------------
21:17:32.272 [http-nio-8080-exec-8] INFO  c.ep.yunq.controller.MenuController - ---------------- 获取所有菜单 ----------------------
21:17:32.272 [http-nio-8080-exec-6] INFO  c.ep.yunq.controller.RoleController - ---------------- 获取所有角色 ----------------------
21:17:32.587 [http-nio-8080-exec-9] INFO  c.e.y.c.PermissionController - ---------------- 获取所有权限 ----------------------
21:20:03.901 [http-nio-8080-exec-1] INFO  c.ep.yunq.controller.MenuController - ---------------- 获取所有菜单 ----------------------
21:20:03.901 [http-nio-8080-exec-10] INFO  c.ep.yunq.controller.RoleController - ---------------- 获取所有角色 ----------------------
21:20:04.203 [http-nio-8080-exec-3] INFO  c.e.y.c.PermissionController - ---------------- 获取所有权限 ----------------------
21:20:42.860 [http-nio-8080-exec-4] INFO  c.ep.yunq.controller.MenuController - ---------------- 获取所有菜单 ----------------------
21:20:42.860 [http-nio-8080-exec-5] INFO  c.ep.yunq.controller.RoleController - ---------------- 获取所有角色 ----------------------
21:20:43.156 [http-nio-8080-exec-2] INFO  c.e.y.c.PermissionController - ---------------- 获取所有权限 ----------------------
21:21:11.130 [http-nio-8080-exec-7] INFO  c.ep.yunq.controller.MenuController - ---------------- 获取角色菜单 ----------------------
21:21:11.130 [http-nio-8080-exec-8] INFO  c.ep.yunq.controller.RoleController - ---------------- 获取所有角色 ----------------------
21:21:11.751 [http-nio-8080-exec-6] INFO  c.ep.yunq.controller.RoleController - ---------------- 获取所有角色 ----------------------
21:21:12.066 [http-nio-8080-exec-9] INFO  c.ep.yunq.controller.MenuController - ---------------- 获取所有菜单 ----------------------
21:21:12.067 [http-nio-8080-exec-1] INFO  c.e.y.c.PermissionController - ---------------- 获取所有权限 ----------------------
21:21:18.307 [http-nio-8080-exec-3] INFO  c.ep.yunq.controller.RoleController - ---------------- 获取所有角色 ----------------------
21:21:18.307 [http-nio-8080-exec-10] INFO  c.ep.yunq.controller.MenuController - ---------------- 获取角色菜单 ----------------------
21:21:25.536 [http-nio-8080-exec-4] INFO  c.ep.yunq.controller.MenuController - ---------------- 获取用户菜单 ----------------------
21:21:25.677 [http-nio-8080-exec-5] INFO  c.ep.yunq.controller.MenuController - ---------------- 获取用户菜单 ----------------------
21:21:25.955 [http-nio-8080-exec-2] INFO  c.ep.yunq.controller.MenuController - ---------------- 获取用户菜单 ----------------------
21:21:25.958 [http-nio-8080-exec-7] INFO  c.ep.yunq.controller.RoleController - ---------------- 获取所有角色 ----------------------
21:21:25.969 [http-nio-8080-exec-6] INFO  c.ep.yunq.controller.MenuController - ---------------- 获取所有菜单 ----------------------
21:21:26.213 [http-nio-8080-exec-9] INFO  c.e.y.c.PermissionController - ---------------- 获取所有权限 ----------------------
21:21:27.192 [http-nio-8080-exec-1] INFO  c.ep.yunq.controller.MenuController - ---------------- 获取角色菜单 ----------------------
21:21:27.192 [http-nio-8080-exec-10] INFO  c.ep.yunq.controller.RoleController - ---------------- 获取所有角色 ----------------------
21:27:29.850 [http-nio-8080-exec-4] INFO  c.e.yunq.controller.CourseController - ---------------- 获取我创建的课程 ----------------------
21:27:41.139 [http-nio-8080-exec-5] INFO  c.e.yunq.controller.CourseController - ---------------- 根据code获取课程 ----------------------
21:28:18.617 [http-nio-8080-exec-8] INFO  c.e.yunq.controller.CourseController - ---------------- 根据code获取课程 ----------------------
21:29:07.011 [http-nio-8080-exec-9] INFO  c.e.yunq.controller.CourseController - ---------------- 获取我创建的课程 ----------------------
21:29:14.065 [http-nio-8080-exec-1] INFO  c.e.yunq.controller.CourseController - ---------------- 根据code获取课程 ----------------------
21:33:01.178 [http-nio-8080-exec-4] INFO  c.e.yunq.controller.CourseController - ---------------- 获取我创建的课程 ----------------------
21:33:06.360 [http-nio-8080-exec-5] INFO  c.e.yunq.controller.CourseController - ---------------- 根据code获取课程 ----------------------
21:33:19.280 [http-nio-8080-exec-6] INFO  c.e.yunq.controller.CourseController - ---------------- 获取我创建的课程 ----------------------
21:33:23.362 [http-nio-8080-exec-2] INFO  c.e.yunq.controller.CourseController - ---------------- 获取我创建的课程 ----------------------
21:43:59.831 [http-nio-8080-exec-10] INFO  c.e.yunq.controller.CourseController - ---------------- 加入课程 ----------------------
21:44:39.305 [http-nio-8080-exec-4] INFO  c.e.y.a.appservice.LoginAppService - 用户：13123191360,登录成功
21:44:51.566 [http-nio-8080-exec-5] INFO  c.e.yunq.controller.CourseController - ---------------- 加入课程 ----------------------
22:07:23.241 [http-nio-8080-exec-2] INFO  c.e.yunq.controller.CourseController - ---------------- 获取我加入的课程 ----------------------
22:13:24.020 [http-nio-8080-exec-4] INFO  c.e.y.a.appservice.LoginAppService - 用户：13123191360,登录成功
22:13:24.300 [http-nio-8080-exec-5] INFO  c.e.yunq.controller.CourseController - ---------------- 获取我加入的课程 ----------------------
