22:15:26.483 [restartedMain] WARN  o.s.data.convert.CustomConversions - Registering converter from class org.springframework.data.elasticsearch.core.geo.GeoJsonLineString to interface java.util.Map as writing converter although it doesn't convert to a store-supported type! You might want to check your annotation setup at the converter implementation.
22:15:26.484 [restartedMain] WARN  o.s.data.convert.CustomConversions - Registering converter from interface java.util.Map to class org.springframework.data.elasticsearch.core.geo.GeoJsonLineString as reading converter although it doesn't convert from a store-supported type! You might want to check your annotation setup at the converter implementation.
22:15:26.484 [restartedMain] WARN  o.s.data.convert.CustomConversions - Registering converter from class org.springframework.data.elasticsearch.core.geo.GeoJsonMultiLineString to interface java.util.Map as writing converter although it doesn't convert to a store-supported type! You might want to check your annotation setup at the converter implementation.
22:15:26.484 [restartedMain] WARN  o.s.data.convert.CustomConversions - Registering converter from interface java.util.Map to class org.springframework.data.elasticsearch.core.geo.GeoJsonMultiLineString as reading converter although it doesn't convert from a store-supported type! You might want to check your annotation setup at the converter implementation.
22:15:26.484 [restartedMain] WARN  o.s.data.convert.CustomConversions - Registering converter from class org.springframework.data.elasticsearch.core.geo.GeoJsonPolygon to interface java.util.Map as writing converter although it doesn't convert to a store-supported type! You might want to check your annotation setup at the converter implementation.
22:15:26.484 [restartedMain] WARN  o.s.data.convert.CustomConversions - Registering converter from interface java.util.Map to class org.springframework.data.elasticsearch.core.geo.GeoJsonPolygon as reading converter although it doesn't convert from a store-supported type! You might want to check your annotation setup at the converter implementation.
22:15:26.484 [restartedMain] WARN  o.s.data.convert.CustomConversions - Registering converter from class org.springframework.data.elasticsearch.core.geo.GeoJsonMultiPolygon to interface java.util.Map as writing converter although it doesn't convert to a store-supported type! You might want to check your annotation setup at the converter implementation.
22:15:26.485 [restartedMain] WARN  o.s.data.convert.CustomConversions - Registering converter from interface java.util.Map to class org.springframework.data.elasticsearch.core.geo.GeoJsonMultiPolygon as reading converter although it doesn't convert from a store-supported type! You might want to check your annotation setup at the converter implementation.
22:15:26.485 [restartedMain] WARN  o.s.data.convert.CustomConversions - Registering converter from class org.springframework.data.elasticsearch.core.geo.GeoJsonGeometryCollection to interface java.util.Map as writing converter although it doesn't convert to a store-supported type! You might want to check your annotation setup at the converter implementation.
22:15:26.485 [restartedMain] WARN  o.s.data.convert.CustomConversions - Registering converter from interface java.util.Map to class org.springframework.data.elasticsearch.core.geo.GeoJsonGeometryCollection as reading converter although it doesn't convert from a store-supported type! You might want to check your annotation setup at the converter implementation.
22:15:27.547 [restartedMain] INFO  o.s.b.w.e.tomcat.TomcatWebServer - Tomcat started on port(s): 8080 (http) with context path ''
22:15:27.576 [main] INFO  o.s.d.r.c.RepositoryConfigurationDelegate - Multiple Spring Data modules found, entering strict repository configuration mode!
22:15:27.581 [main] INFO  o.s.d.r.c.RepositoryConfigurationDelegate - Bootstrapping Spring Data Elasticsearch repositories in DEFAULT mode.
22:15:27.594 [restartedMain] WARN  s.d.s.r.o.OperationImplicitParameterReader - Unable to interpret the implicit parameter configuration with dataType: string, dataTypeClass: class java.lang.Void
22:15:27.595 [restartedMain] WARN  s.d.s.r.o.OperationImplicitParameterReader - Unable to interpret the implicit parameter configuration with dataType: string, dataTypeClass: class java.lang.Void
22:15:27.595 [restartedMain] WARN  s.d.s.r.o.OperationImplicitParameterReader - Unable to interpret the implicit parameter configuration with dataType: string, dataTypeClass: class java.lang.Void
22:15:27.596 [restartedMain] WARN  s.d.s.r.o.OperationImplicitParameterReader - Unable to interpret the implicit parameter configuration with dataType: string, dataTypeClass: class java.lang.Void
22:15:27.596 [restartedMain] WARN  s.d.s.r.o.OperationImplicitParameterReader - Unable to interpret the implicit parameter configuration with dataType: string, dataTypeClass: class java.lang.Void
22:15:27.596 [restartedMain] WARN  s.d.s.r.o.OperationImplicitParameterReader - Unable to interpret the implicit parameter configuration with dataType: string, dataTypeClass: class java.lang.Void
22:15:27.597 [restartedMain] WARN  s.d.s.r.o.OperationImplicitParameterReader - Unable to interpret the implicit parameter configuration with dataType: string, dataTypeClass: class java.lang.Void
22:15:27.597 [restartedMain] WARN  s.d.s.r.o.OperationImplicitParameterReader - Unable to interpret the implicit parameter configuration with dataType: string, dataTypeClass: class java.lang.Void
22:15:27.598 [restartedMain] WARN  s.d.s.r.o.OperationImplicitParameterReader - Unable to interpret the implicit parameter configuration with dataType: string, dataTypeClass: class java.lang.Void
22:15:27.598 [restartedMain] WARN  s.d.s.r.o.OperationImplicitParameterReader - Unable to interpret the implicit parameter configuration with dataType: string, dataTypeClass: class java.lang.Void
22:15:27.599 [restartedMain] WARN  s.d.s.r.o.OperationImplicitParameterReader - Unable to interpret the implicit parameter configuration with dataType: string, dataTypeClass: class java.lang.Void
22:15:27.599 [restartedMain] WARN  s.d.s.r.o.OperationImplicitParameterReader - Unable to interpret the implicit parameter configuration with dataType: string, dataTypeClass: class java.lang.Void
22:15:27.617 [restartedMain] WARN  s.d.s.r.o.OperationImplicitParameterReader - Unable to interpret the implicit parameter configuration with dataType: string, dataTypeClass: class java.lang.Void
22:15:27.617 [restartedMain] WARN  s.d.s.r.o.OperationImplicitParameterReader - Unable to interpret the implicit parameter configuration with dataType: string, dataTypeClass: class java.lang.Void
22:15:27.617 [restartedMain] WARN  s.d.s.r.o.OperationImplicitParameterReader - Unable to interpret the implicit parameter configuration with dataType: string, dataTypeClass: class java.lang.Void
22:15:27.618 [restartedMain] WARN  s.d.s.r.o.OperationImplicitParameterReader - Unable to interpret the implicit parameter configuration with dataType: string, dataTypeClass: class java.lang.Void
22:15:27.618 [restartedMain] WARN  s.d.s.r.o.OperationImplicitParameterReader - Unable to interpret the implicit parameter configuration with dataType: string, dataTypeClass: class java.lang.Void
22:15:27.619 [restartedMain] WARN  s.d.s.r.o.OperationImplicitParameterReader - Unable to interpret the implicit parameter configuration with dataType: string, dataTypeClass: class java.lang.Void
22:15:27.619 [restartedMain] WARN  s.d.s.r.o.OperationImplicitParameterReader - Unable to interpret the implicit parameter configuration with dataType: string, dataTypeClass: class java.lang.Void
22:15:27.619 [restartedMain] WARN  s.d.s.r.o.OperationImplicitParameterReader - Unable to interpret the implicit parameter configuration with dataType: string, dataTypeClass: class java.lang.Void
22:15:27.620 [restartedMain] WARN  s.d.s.r.o.OperationImplicitParameterReader - Unable to interpret the implicit parameter configuration with dataType: string, dataTypeClass: class java.lang.Void
22:15:27.620 [restartedMain] WARN  s.d.s.r.o.OperationImplicitParameterReader - Unable to interpret the implicit parameter configuration with dataType: string, dataTypeClass: class java.lang.Void
22:15:27.620 [restartedMain] WARN  s.d.s.r.o.OperationImplicitParameterReader - Unable to interpret the implicit parameter configuration with dataType: string, dataTypeClass: class java.lang.Void
22:15:27.621 [restartedMain] WARN  s.d.s.r.o.OperationImplicitParameterReader - Unable to interpret the implicit parameter configuration with dataType: string, dataTypeClass: class java.lang.Void
22:15:27.621 [restartedMain] WARN  s.d.s.r.o.OperationImplicitParameterReader - Unable to interpret the implicit parameter configuration with dataType: string, dataTypeClass: class java.lang.Void
22:15:27.629 [main] INFO  o.s.d.r.c.RepositoryConfigurationExtensionSupport - Spring Data Elasticsearch - Could not safely identify store assignment for repository candidate interface com.ep.yunq.domain.dao.AdminMenuDAO. If you want this repository to be a Elasticsearch repository, consider annotating your entities with one of these annotations: org.springframework.data.elasticsearch.annotations.Document (preferred), or consider extending one of the following types with your repository: org.springframework.data.elasticsearch.repository.ElasticsearchRepository, org.springframework.data.elasticsearch.repository.ElasticsearchRepository.
22:15:27.632 [main] INFO  o.s.d.r.c.RepositoryConfigurationExtensionSupport - Spring Data Elasticsearch - Could not safely identify store assignment for repository candidate interface com.ep.yunq.domain.dao.AdminRoleDAO. If you want this repository to be a Elasticsearch repository, consider annotating your entities with one of these annotations: org.springframework.data.elasticsearch.annotations.Document (preferred), or consider extending one of the following types with your repository: org.springframework.data.elasticsearch.repository.ElasticsearchRepository, org.springframework.data.elasticsearch.repository.ElasticsearchRepository.
22:15:27.636 [main] INFO  o.s.d.r.c.RepositoryConfigurationExtensionSupport - Spring Data Elasticsearch - Could not safely identify store assignment for repository candidate interface com.ep.yunq.domain.dao.AdminRoleToMenuDAO. If you want this repository to be a Elasticsearch repository, consider annotating your entities with one of these annotations: org.springframework.data.elasticsearch.annotations.Document (preferred), or consider extending one of the following types with your repository: org.springframework.data.elasticsearch.repository.ElasticsearchRepository, org.springframework.data.elasticsearch.repository.ElasticsearchRepository.
22:15:27.638 [main] INFO  o.s.d.r.c.RepositoryConfigurationExtensionSupport - Spring Data Elasticsearch - Could not safely identify store assignment for repository candidate interface com.ep.yunq.domain.dao.AdminRoleToPerDAO. If you want this repository to be a Elasticsearch repository, consider annotating your entities with one of these annotations: org.springframework.data.elasticsearch.annotations.Document (preferred), or consider extending one of the following types with your repository: org.springframework.data.elasticsearch.repository.ElasticsearchRepository, org.springframework.data.elasticsearch.repository.ElasticsearchRepository.
22:15:27.641 [main] INFO  o.s.d.r.c.RepositoryConfigurationExtensionSupport - Spring Data Elasticsearch - Could not safely identify store assignment for repository candidate interface com.ep.yunq.domain.dao.AdminUserToRoleDAO. If you want this repository to be a Elasticsearch repository, consider annotating your entities with one of these annotations: org.springframework.data.elasticsearch.annotations.Document (preferred), or consider extending one of the following types with your repository: org.springframework.data.elasticsearch.repository.ElasticsearchRepository, org.springframework.data.elasticsearch.repository.ElasticsearchRepository.
22:15:27.644 [main] INFO  o.s.d.r.c.RepositoryConfigurationExtensionSupport - Spring Data Elasticsearch - Could not safely identify store assignment for repository candidate interface com.ep.yunq.domain.dao.CourseDAO. If you want this repository to be a Elasticsearch repository, consider annotating your entities with one of these annotations: org.springframework.data.elasticsearch.annotations.Document (preferred), or consider extending one of the following types with your repository: org.springframework.data.elasticsearch.repository.ElasticsearchRepository, org.springframework.data.elasticsearch.repository.ElasticsearchRepository.
22:15:27.647 [main] INFO  o.s.d.r.c.RepositoryConfigurationExtensionSupport - Spring Data Elasticsearch - Could not safely identify store assignment for repository candidate interface com.ep.yunq.domain.dao.CourseSignInDAO. If you want this repository to be a Elasticsearch repository, consider annotating your entities with one of these annotations: org.springframework.data.elasticsearch.annotations.Document (preferred), or consider extending one of the following types with your repository: org.springframework.data.elasticsearch.repository.ElasticsearchRepository, org.springframework.data.elasticsearch.repository.ElasticsearchRepository.
22:15:27.650 [main] INFO  o.s.d.r.c.RepositoryConfigurationExtensionSupport - Spring Data Elasticsearch - Could not safely identify store assignment for repository candidate interface com.ep.yunq.domain.dao.CourseToStudentDAO. If you want this repository to be a Elasticsearch repository, consider annotating your entities with one of these annotations: org.springframework.data.elasticsearch.annotations.Document (preferred), or consider extending one of the following types with your repository: org.springframework.data.elasticsearch.repository.ElasticsearchRepository, org.springframework.data.elasticsearch.repository.ElasticsearchRepository.
22:15:27.653 [main] INFO  o.s.d.r.c.RepositoryConfigurationExtensionSupport - Spring Data Elasticsearch - Could not safely identify store assignment for repository candidate interface com.ep.yunq.domain.dao.DictionaryDetailDAO. If you want this repository to be a Elasticsearch repository, consider annotating your entities with one of these annotations: org.springframework.data.elasticsearch.annotations.Document (preferred), or consider extending one of the following types with your repository: org.springframework.data.elasticsearch.repository.ElasticsearchRepository, org.springframework.data.elasticsearch.repository.ElasticsearchRepository.
22:15:27.657 [main] INFO  o.s.d.r.c.RepositoryConfigurationExtensionSupport - Spring Data Elasticsearch - Could not safely identify store assignment for repository candidate interface com.ep.yunq.domain.dao.DictionaryTypeDAO. If you want this repository to be a Elasticsearch repository, consider annotating your entities with one of these annotations: org.springframework.data.elasticsearch.annotations.Document (preferred), or consider extending one of the following types with your repository: org.springframework.data.elasticsearch.repository.ElasticsearchRepository, org.springframework.data.elasticsearch.repository.ElasticsearchRepository.
22:15:27.660 [main] INFO  o.s.d.r.c.RepositoryConfigurationExtensionSupport - Spring Data Elasticsearch - Could not safely identify store assignment for repository candidate interface com.ep.yunq.domain.dao.PermissionResourceDAO. If you want this repository to be a Elasticsearch repository, consider annotating your entities with one of these annotations: org.springframework.data.elasticsearch.annotations.Document (preferred), or consider extending one of the following types with your repository: org.springframework.data.elasticsearch.repository.ElasticsearchRepository, org.springframework.data.elasticsearch.repository.ElasticsearchRepository.
22:15:27.664 [main] INFO  o.s.d.r.c.RepositoryConfigurationExtensionSupport - Spring Data Elasticsearch - Could not safely identify store assignment for repository candidate interface com.ep.yunq.domain.dao.SchoolInstitutionDAO. If you want this repository to be a Elasticsearch repository, consider annotating your entities with one of these annotations: org.springframework.data.elasticsearch.annotations.Document (preferred), or consider extending one of the following types with your repository: org.springframework.data.elasticsearch.repository.ElasticsearchRepository, org.springframework.data.elasticsearch.repository.ElasticsearchRepository.
22:15:27.667 [main] INFO  o.s.d.r.c.RepositoryConfigurationExtensionSupport - Spring Data Elasticsearch - Could not safely identify store assignment for repository candidate interface com.ep.yunq.domain.dao.StudentSignInDAO. If you want this repository to be a Elasticsearch repository, consider annotating your entities with one of these annotations: org.springframework.data.elasticsearch.annotations.Document (preferred), or consider extending one of the following types with your repository: org.springframework.data.elasticsearch.repository.ElasticsearchRepository, org.springframework.data.elasticsearch.repository.ElasticsearchRepository.
22:15:27.670 [main] INFO  o.s.d.r.c.RepositoryConfigurationExtensionSupport - Spring Data Elasticsearch - Could not safely identify store assignment for repository candidate interface com.ep.yunq.domain.dao.SysParamDAO. If you want this repository to be a Elasticsearch repository, consider annotating your entities with one of these annotations: org.springframework.data.elasticsearch.annotations.Document (preferred), or consider extending one of the following types with your repository: org.springframework.data.elasticsearch.repository.ElasticsearchRepository, org.springframework.data.elasticsearch.repository.ElasticsearchRepository.
22:15:27.673 [main] INFO  o.s.d.r.c.RepositoryConfigurationExtensionSupport - Spring Data Elasticsearch - Could not safely identify store assignment for repository candidate interface com.ep.yunq.domain.dao.UserAuthsDAO. If you want this repository to be a Elasticsearch repository, consider annotating your entities with one of these annotations: org.springframework.data.elasticsearch.annotations.Document (preferred), or consider extending one of the following types with your repository: org.springframework.data.elasticsearch.repository.ElasticsearchRepository, org.springframework.data.elasticsearch.repository.ElasticsearchRepository.
22:15:27.676 [main] INFO  o.s.d.r.c.RepositoryConfigurationExtensionSupport - Spring Data Elasticsearch - Could not safely identify store assignment for repository candidate interface com.ep.yunq.domain.dao.UserDAO. If you want this repository to be a Elasticsearch repository, consider annotating your entities with one of these annotations: org.springframework.data.elasticsearch.annotations.Document (preferred), or consider extending one of the following types with your repository: org.springframework.data.elasticsearch.repository.ElasticsearchRepository, org.springframework.data.elasticsearch.repository.ElasticsearchRepository.
22:15:27.679 [main] INFO  o.s.d.r.c.RepositoryConfigurationExtensionSupport - Spring Data Elasticsearch - Could not safely identify store assignment for repository candidate interface com.ep.yunq.domain.dao.UserInfoDAO. If you want this repository to be a Elasticsearch repository, consider annotating your entities with one of these annotations: org.springframework.data.elasticsearch.annotations.Document (preferred), or consider extending one of the following types with your repository: org.springframework.data.elasticsearch.repository.ElasticsearchRepository, org.springframework.data.elasticsearch.repository.ElasticsearchRepository.
22:15:27.681 [main] INFO  o.s.d.r.c.RepositoryConfigurationDelegate - Finished Spring Data repository scanning in 93 ms. Found 0 Elasticsearch repository interfaces.
22:15:27.687 [main] INFO  o.s.d.r.c.RepositoryConfigurationDelegate - Multiple Spring Data modules found, entering strict repository configuration mode!
22:15:27.689 [main] INFO  o.s.d.r.c.RepositoryConfigurationDelegate - Bootstrapping Spring Data Reactive Elasticsearch repositories in DEFAULT mode.
22:15:27.699 [main] INFO  o.s.d.r.c.RepositoryConfigurationExtensionSupport - Spring Data Reactive Elasticsearch - Could not safely identify store assignment for repository candidate interface com.ep.yunq.domain.dao.AdminMenuDAO. If you want this repository to be a Reactive Elasticsearch repository, consider annotating your entities with one of these annotations: org.springframework.data.elasticsearch.annotations.Document (preferred), or consider extending one of the following types with your repository: org.springframework.data.elasticsearch.repository.ReactiveElasticsearchRepository.
22:15:27.700 [main] INFO  o.s.d.r.c.RepositoryConfigurationExtensionSupport - Spring Data Reactive Elasticsearch - Could not safely identify store assignment for repository candidate interface com.ep.yunq.domain.dao.AdminRoleDAO. If you want this repository to be a Reactive Elasticsearch repository, consider annotating your entities with one of these annotations: org.springframework.data.elasticsearch.annotations.Document (preferred), or consider extending one of the following types with your repository: org.springframework.data.elasticsearch.repository.ReactiveElasticsearchRepository.
22:15:27.700 [main] INFO  o.s.d.r.c.RepositoryConfigurationExtensionSupport - Spring Data Reactive Elasticsearch - Could not safely identify store assignment for repository candidate interface com.ep.yunq.domain.dao.AdminRoleToMenuDAO. If you want this repository to be a Reactive Elasticsearch repository, consider annotating your entities with one of these annotations: org.springframework.data.elasticsearch.annotations.Document (preferred), or consider extending one of the following types with your repository: org.springframework.data.elasticsearch.repository.ReactiveElasticsearchRepository.
22:15:27.701 [main] INFO  o.s.d.r.c.RepositoryConfigurationExtensionSupport - Spring Data Reactive Elasticsearch - Could not safely identify store assignment for repository candidate interface com.ep.yunq.domain.dao.AdminRoleToPerDAO. If you want this repository to be a Reactive Elasticsearch repository, consider annotating your entities with one of these annotations: org.springframework.data.elasticsearch.annotations.Document (preferred), or consider extending one of the following types with your repository: org.springframework.data.elasticsearch.repository.ReactiveElasticsearchRepository.
22:15:27.701 [main] INFO  o.s.d.r.c.RepositoryConfigurationExtensionSupport - Spring Data Reactive Elasticsearch - Could not safely identify store assignment for repository candidate interface com.ep.yunq.domain.dao.AdminUserToRoleDAO. If you want this repository to be a Reactive Elasticsearch repository, consider annotating your entities with one of these annotations: org.springframework.data.elasticsearch.annotations.Document (preferred), or consider extending one of the following types with your repository: org.springframework.data.elasticsearch.repository.ReactiveElasticsearchRepository.
22:15:27.702 [main] INFO  o.s.d.r.c.RepositoryConfigurationExtensionSupport - Spring Data Reactive Elasticsearch - Could not safely identify store assignment for repository candidate interface com.ep.yunq.domain.dao.CourseDAO. If you want this repository to be a Reactive Elasticsearch repository, consider annotating your entities with one of these annotations: org.springframework.data.elasticsearch.annotations.Document (preferred), or consider extending one of the following types with your repository: org.springframework.data.elasticsearch.repository.ReactiveElasticsearchRepository.
22:15:27.703 [main] INFO  o.s.d.r.c.RepositoryConfigurationExtensionSupport - Spring Data Reactive Elasticsearch - Could not safely identify store assignment for repository candidate interface com.ep.yunq.domain.dao.CourseSignInDAO. If you want this repository to be a Reactive Elasticsearch repository, consider annotating your entities with one of these annotations: org.springframework.data.elasticsearch.annotations.Document (preferred), or consider extending one of the following types with your repository: org.springframework.data.elasticsearch.repository.ReactiveElasticsearchRepository.
22:15:27.703 [main] INFO  o.s.d.r.c.RepositoryConfigurationExtensionSupport - Spring Data Reactive Elasticsearch - Could not safely identify store assignment for repository candidate interface com.ep.yunq.domain.dao.CourseToStudentDAO. If you want this repository to be a Reactive Elasticsearch repository, consider annotating your entities with one of these annotations: org.springframework.data.elasticsearch.annotations.Document (preferred), or consider extending one of the following types with your repository: org.springframework.data.elasticsearch.repository.ReactiveElasticsearchRepository.
22:15:27.704 [main] INFO  o.s.d.r.c.RepositoryConfigurationExtensionSupport - Spring Data Reactive Elasticsearch - Could not safely identify store assignment for repository candidate interface com.ep.yunq.domain.dao.DictionaryDetailDAO. If you want this repository to be a Reactive Elasticsearch repository, consider annotating your entities with one of these annotations: org.springframework.data.elasticsearch.annotations.Document (preferred), or consider extending one of the following types with your repository: org.springframework.data.elasticsearch.repository.ReactiveElasticsearchRepository.
22:15:27.704 [main] INFO  o.s.d.r.c.RepositoryConfigurationExtensionSupport - Spring Data Reactive Elasticsearch - Could not safely identify store assignment for repository candidate interface com.ep.yunq.domain.dao.DictionaryTypeDAO. If you want this repository to be a Reactive Elasticsearch repository, consider annotating your entities with one of these annotations: org.springframework.data.elasticsearch.annotations.Document (preferred), or consider extending one of the following types with your repository: org.springframework.data.elasticsearch.repository.ReactiveElasticsearchRepository.
22:15:27.705 [main] INFO  o.s.d.r.c.RepositoryConfigurationExtensionSupport - Spring Data Reactive Elasticsearch - Could not safely identify store assignment for repository candidate interface com.ep.yunq.domain.dao.PermissionResourceDAO. If you want this repository to be a Reactive Elasticsearch repository, consider annotating your entities with one of these annotations: org.springframework.data.elasticsearch.annotations.Document (preferred), or consider extending one of the following types with your repository: org.springframework.data.elasticsearch.repository.ReactiveElasticsearchRepository.
22:15:27.705 [main] INFO  o.s.d.r.c.RepositoryConfigurationExtensionSupport - Spring Data Reactive Elasticsearch - Could not safely identify store assignment for repository candidate interface com.ep.yunq.domain.dao.SchoolInstitutionDAO. If you want this repository to be a Reactive Elasticsearch repository, consider annotating your entities with one of these annotations: org.springframework.data.elasticsearch.annotations.Document (preferred), or consider extending one of the following types with your repository: org.springframework.data.elasticsearch.repository.ReactiveElasticsearchRepository.
22:15:27.706 [main] INFO  o.s.d.r.c.RepositoryConfigurationExtensionSupport - Spring Data Reactive Elasticsearch - Could not safely identify store assignment for repository candidate interface com.ep.yunq.domain.dao.StudentSignInDAO. If you want this repository to be a Reactive Elasticsearch repository, consider annotating your entities with one of these annotations: org.springframework.data.elasticsearch.annotations.Document (preferred), or consider extending one of the following types with your repository: org.springframework.data.elasticsearch.repository.ReactiveElasticsearchRepository.
22:15:27.706 [main] INFO  o.s.d.r.c.RepositoryConfigurationExtensionSupport - Spring Data Reactive Elasticsearch - Could not safely identify store assignment for repository candidate interface com.ep.yunq.domain.dao.SysParamDAO. If you want this repository to be a Reactive Elasticsearch repository, consider annotating your entities with one of these annotations: org.springframework.data.elasticsearch.annotations.Document (preferred), or consider extending one of the following types with your repository: org.springframework.data.elasticsearch.repository.ReactiveElasticsearchRepository.
22:15:27.707 [main] INFO  o.s.d.r.c.RepositoryConfigurationExtensionSupport - Spring Data Reactive Elasticsearch - Could not safely identify store assignment for repository candidate interface com.ep.yunq.domain.dao.UserAuthsDAO. If you want this repository to be a Reactive Elasticsearch repository, consider annotating your entities with one of these annotations: org.springframework.data.elasticsearch.annotations.Document (preferred), or consider extending one of the following types with your repository: org.springframework.data.elasticsearch.repository.ReactiveElasticsearchRepository.
22:15:27.707 [main] INFO  o.s.d.r.c.RepositoryConfigurationExtensionSupport - Spring Data Reactive Elasticsearch - Could not safely identify store assignment for repository candidate interface com.ep.yunq.domain.dao.UserDAO. If you want this repository to be a Reactive Elasticsearch repository, consider annotating your entities with one of these annotations: org.springframework.data.elasticsearch.annotations.Document (preferred), or consider extending one of the following types with your repository: org.springframework.data.elasticsearch.repository.ReactiveElasticsearchRepository.
22:15:27.708 [main] INFO  o.s.d.r.c.RepositoryConfigurationExtensionSupport - Spring Data Reactive Elasticsearch - Could not safely identify store assignment for repository candidate interface com.ep.yunq.domain.dao.UserInfoDAO. If you want this repository to be a Reactive Elasticsearch repository, consider annotating your entities with one of these annotations: org.springframework.data.elasticsearch.annotations.Document (preferred), or consider extending one of the following types with your repository: org.springframework.data.elasticsearch.repository.ReactiveElasticsearchRepository.
22:15:27.708 [main] INFO  o.s.d.r.c.RepositoryConfigurationDelegate - Finished Spring Data repository scanning in 19 ms. Found 0 Reactive Elasticsearch repository interfaces.
22:15:27.721 [main] INFO  o.s.d.r.c.RepositoryConfigurationDelegate - Multiple Spring Data modules found, entering strict repository configuration mode!
22:15:27.723 [main] INFO  o.s.d.r.c.RepositoryConfigurationDelegate - Bootstrapping Spring Data JPA repositories in DEFAULT mode.
22:15:27.980 [restartedMain] INFO  com.ep.yunq.YunqApplication - Started YunqApplication in 3.22 seconds (JVM running for 6118.029)
22:15:27.983 [restartedMain] INFO  o.s.b.d.a.ConditionEvaluationDeltaLoggingListener - Condition evaluation delta:


==========================
CONDITION EVALUATION DELTA
==========================


Positive matches:
-----------------

   CacheAutoConfiguration matched:
      - @ConditionalOnClass found required class 'org.springframework.cache.CacheManager' (OnClassCondition)
      - @ConditionalOnBean (types: org.springframework.cache.interceptor.CacheAspectSupport; SearchStrategy: all) found bean 'cacheInterceptor'; @ConditionalOnMissingBean (names: cacheResolver types: org.springframework.cache.CacheManager; SearchStrategy: all) did not find any beans (OnBeanCondition)

   CacheAutoConfiguration#cacheManagerCustomizers matched:
      - @ConditionalOnMissingBean (types: org.springframework.boot.autoconfigure.cache.CacheManagerCustomizers; SearchStrategy: all) did not find any beans (OnBeanCondition)

   CacheAutoConfiguration.CacheManagerEntityManagerFactoryDependsOnPostProcessor matched:
      - @ConditionalOnClass found required class 'org.springframework.orm.jpa.LocalContainerEntityManagerFactoryBean' (OnClassCondition)
      - @ConditionalOnBean (types: org.springframework.orm.jpa.AbstractEntityManagerFactoryBean; SearchStrategy: all) found bean '&entityManagerFactory' (OnBeanCondition)


Negative matches:
-----------------

   GenericCacheConfiguration:
      Did not match:
         - @ConditionalOnBean (types: org.springframework.cache.Cache; SearchStrategy: all) did not find any beans of type org.springframework.cache.Cache (OnBeanCondition)
      Matched:
         - Cache org.springframework.boot.autoconfigure.cache.GenericCacheConfiguration automatic cache type (CacheCondition)

   NoOpCacheConfiguration:
      Did not match:
         - @ConditionalOnMissingBean (types: org.springframework.cache.CacheManager; SearchStrategy: all) found beans of type 'org.springframework.cache.CacheManager' cacheManager (OnBeanCondition)
      Matched:
         - Cache org.springframework.boot.autoconfigure.cache.NoOpCacheConfiguration automatic cache type (CacheCondition)

   RedisAutoConfiguration#redisTemplate:
      Did not match:
         - @ConditionalOnMissingBean (names: redisTemplate; SearchStrategy: all) found beans named redisTemplate (OnBeanCondition)

   SimpleCacheConfiguration:
      Did not match:
         - @ConditionalOnMissingBean (types: org.springframework.cache.CacheManager; SearchStrategy: all) found beans of type 'org.springframework.cache.CacheManager' cacheManager (OnBeanCondition)
      Matched:
         - Cache org.springframework.boot.autoconfigure.cache.SimpleCacheConfiguration automatic cache type (CacheCondition)


Exclusions:
-----------

    None


Unconditional classes:
----------------------

    None



22:15:27.991 [main] INFO  o.s.d.r.c.RepositoryConfigurationDelegate - Finished Spring Data repository scanning in 261 ms. Found 17 JPA repository interfaces.
22:15:28.552 [main] INFO  o.s.c.s.PostProcessorRegistrationDelegate$BeanPostProcessorChecker - Bean 'redisConfig' of type [com.ep.yunq.infrastructure.config.RedisConfig$$EnhancerBySpringCGLIB$$a6f6259b] is not eligible for getting processed by all BeanPostProcessors (for example: not eligible for auto-proxying)
22:15:29.242 [main] INFO  o.h.jpa.internal.util.LogHelper - HHH000204: Processing PersistenceUnitInfo [name: default]
22:15:29.315 [main] INFO  org.hibernate.Version - HHH000412: Hibernate ORM core version 5.4.28.Final
22:15:29.470 [main] INFO  o.h.annotations.common.Version - HCANN000001: Hibernate Commons Annotations {5.1.2.Final}
22:15:30.005 [main] INFO  com.zaxxer.hikari.HikariDataSource - HikariPool-1 - Starting...
22:15:30.723 [main] INFO  com.zaxxer.hikari.HikariDataSource - HikariPool-1 - Start completed.
22:15:30.768 [main] INFO  org.hibernate.dialect.Dialect - HHH000400: Using dialect: org.hibernate.dialect.MySQL8Dialect
22:15:31.719 [main] INFO  o.h.e.t.j.p.i.JtaPlatformInitiator - HHH000490: Using JtaPlatform implementation: [org.hibernate.engine.transaction.jta.platform.internal.NoJtaPlatform]
22:15:31.729 [main] INFO  o.s.o.j.LocalContainerEntityManagerFactoryBean - Initialized JPA EntityManagerFactory for persistence unit 'default'
22:15:33.849 [main] INFO  c.e.y.s.p.DatabasePathTreeProvider - [/api/test===get===[admin], /api/admins/**===*===[]]
22:15:34.251 [main] INFO  o.s.s.c.ThreadPoolTaskExecutor - Initializing ExecutorService 'applicationTaskExecutor'
22:15:34.469 [main] WARN  o.s.b.a.t.ThymeleafAutoConfiguration$DefaultTemplateResolverConfiguration - Cannot find template location: classpath:/templates/ (please add some templates or check your Thymeleaf configuration)
22:15:35.011 [main] WARN  o.s.data.convert.CustomConversions - Registering converter from class org.springframework.data.geo.Point to interface java.util.Map as writing converter although it doesn't convert to a store-supported type! You might want to check your annotation setup at the converter implementation.
22:15:35.011 [main] WARN  o.s.data.convert.CustomConversions - Registering converter from interface java.util.Map to class org.springframework.data.geo.Point as reading converter although it doesn't convert from a store-supported type! You might want to check your annotation setup at the converter implementation.
22:15:35.011 [main] WARN  o.s.data.convert.CustomConversions - Registering converter from class org.springframework.data.elasticsearch.core.geo.GeoPoint to interface java.util.Map as writing converter although it doesn't convert to a store-supported type! You might want to check your annotation setup at the converter implementation.
22:15:35.011 [main] WARN  o.s.data.convert.CustomConversions - Registering converter from interface java.util.Map to class org.springframework.data.elasticsearch.core.geo.GeoPoint as reading converter although it doesn't convert from a store-supported type! You might want to check your annotation setup at the converter implementation.
22:15:35.011 [main] WARN  o.s.data.convert.CustomConversions - Registering converter from interface org.springframework.data.elasticsearch.core.geo.GeoJson to interface java.util.Map as writing converter although it doesn't convert to a store-supported type! You might want to check your annotation setup at the converter implementation.
22:15:35.011 [main] WARN  o.s.data.convert.CustomConversions - Registering converter from interface java.util.Map to interface org.springframework.data.elasticsearch.core.geo.GeoJson as reading converter although it doesn't convert from a store-supported type! You might want to check your annotation setup at the converter implementation.
22:15:35.011 [main] WARN  o.s.data.convert.CustomConversions - Registering converter from class org.springframework.data.elasticsearch.core.geo.GeoJsonPoint to interface java.util.Map as writing converter although it doesn't convert to a store-supported type! You might want to check your annotation setup at the converter implementation.
22:15:35.012 [main] WARN  o.s.data.convert.CustomConversions - Registering converter from interface java.util.Map to class org.springframework.data.elasticsearch.core.geo.GeoJsonPoint as reading converter although it doesn't convert from a store-supported type! You might want to check your annotation setup at the converter implementation.
22:15:35.012 [main] WARN  o.s.data.convert.CustomConversions - Registering converter from class org.springframework.data.elasticsearch.core.geo.GeoJsonMultiPoint to interface java.util.Map as writing converter although it doesn't convert to a store-supported type! You might want to check your annotation setup at the converter implementation.
22:15:35.012 [main] WARN  o.s.data.convert.CustomConversions - Registering converter from interface java.util.Map to class org.springframework.data.elasticsearch.core.geo.GeoJsonMultiPoint as reading converter although it doesn't convert from a store-supported type! You might want to check your annotation setup at the converter implementation.
22:15:35.012 [main] WARN  o.s.data.convert.CustomConversions - Registering converter from class org.springframework.data.elasticsearch.core.geo.GeoJsonLineString to interface java.util.Map as writing converter although it doesn't convert to a store-supported type! You might want to check your annotation setup at the converter implementation.
22:15:35.012 [main] WARN  o.s.data.convert.CustomConversions - Registering converter from interface java.util.Map to class org.springframework.data.elasticsearch.core.geo.GeoJsonLineString as reading converter although it doesn't convert from a store-supported type! You might want to check your annotation setup at the converter implementation.
22:15:35.012 [main] WARN  o.s.data.convert.CustomConversions - Registering converter from class org.springframework.data.elasticsearch.core.geo.GeoJsonMultiLineString to interface java.util.Map as writing converter although it doesn't convert to a store-supported type! You might want to check your annotation setup at the converter implementation.
22:15:35.012 [main] WARN  o.s.data.convert.CustomConversions - Registering converter from interface java.util.Map to class org.springframework.data.elasticsearch.core.geo.GeoJsonMultiLineString as reading converter although it doesn't convert from a store-supported type! You might want to check your annotation setup at the converter implementation.
22:15:35.013 [main] WARN  o.s.data.convert.CustomConversions - Registering converter from class org.springframework.data.elasticsearch.core.geo.GeoJsonPolygon to interface java.util.Map as writing converter although it doesn't convert to a store-supported type! You might want to check your annotation setup at the converter implementation.
22:15:35.013 [main] WARN  o.s.data.convert.CustomConversions - Registering converter from interface java.util.Map to class org.springframework.data.elasticsearch.core.geo.GeoJsonPolygon as reading converter although it doesn't convert from a store-supported type! You might want to check your annotation setup at the converter implementation.
22:15:35.013 [main] WARN  o.s.data.convert.CustomConversions - Registering converter from class org.springframework.data.elasticsearch.core.geo.GeoJsonMultiPolygon to interface java.util.Map as writing converter although it doesn't convert to a store-supported type! You might want to check your annotation setup at the converter implementation.
22:15:35.013 [main] WARN  o.s.data.convert.CustomConversions - Registering converter from interface java.util.Map to class org.springframework.data.elasticsearch.core.geo.GeoJsonMultiPolygon as reading converter although it doesn't convert from a store-supported type! You might want to check your annotation setup at the converter implementation.
22:15:35.013 [main] WARN  o.s.data.convert.CustomConversions - Registering converter from class org.springframework.data.elasticsearch.core.geo.GeoJsonGeometryCollection to interface java.util.Map as writing converter although it doesn't convert to a store-supported type! You might want to check your annotation setup at the converter implementation.
22:15:35.014 [main] WARN  o.s.data.convert.CustomConversions - Registering converter from interface java.util.Map to class org.springframework.data.elasticsearch.core.geo.GeoJsonGeometryCollection as reading converter although it doesn't convert from a store-supported type! You might want to check your annotation setup at the converter implementation.
22:15:36.119 [main] INFO  o.s.d.e.support.VersionInfo - Version Spring Data Elasticsearch: 4.1.5
22:15:36.119 [main] INFO  o.s.d.e.support.VersionInfo - Version Elasticsearch Client in build: 7.9.3
22:15:36.119 [main] INFO  o.s.d.e.support.VersionInfo - Version Elasticsearch Client used: 7.9.3
22:15:36.521 [main] WARN  s.d.s.r.o.OperationImplicitParameterReader - Unable to interpret the implicit parameter configuration with dataType: string, dataTypeClass: class java.lang.Void
22:15:36.537 [main] WARN  s.d.s.r.o.OperationImplicitParameterReader - Unable to interpret the implicit parameter configuration with dataType: string, dataTypeClass: class java.lang.Void
22:15:36.538 [main] WARN  s.d.s.r.o.OperationImplicitParameterReader - Unable to interpret the implicit parameter configuration with dataType: string, dataTypeClass: class java.lang.Void
22:15:36.538 [main] WARN  s.d.s.r.o.OperationImplicitParameterReader - Unable to interpret the implicit parameter configuration with dataType: string, dataTypeClass: class java.lang.Void
22:15:36.539 [main] WARN  s.d.s.r.o.OperationImplicitParameterReader - Unable to interpret the implicit parameter configuration with dataType: string, dataTypeClass: class java.lang.Void
22:15:36.539 [main] WARN  s.d.s.r.o.OperationImplicitParameterReader - Unable to interpret the implicit parameter configuration with dataType: string, dataTypeClass: class java.lang.Void
22:15:36.540 [main] WARN  s.d.s.r.o.OperationImplicitParameterReader - Unable to interpret the implicit parameter configuration with dataType: string, dataTypeClass: class java.lang.Void
22:15:36.566 [main] WARN  s.d.s.r.o.OperationImplicitParameterReader - Unable to interpret the implicit parameter configuration with dataType: string, dataTypeClass: class java.lang.Void
22:15:36.567 [main] WARN  s.d.s.r.o.OperationImplicitParameterReader - Unable to interpret the implicit parameter configuration with dataType: string, dataTypeClass: class java.lang.Void
22:15:36.567 [main] WARN  s.d.s.r.o.OperationImplicitParameterReader - Unable to interpret the implicit parameter configuration with dataType: string, dataTypeClass: class java.lang.Void
22:15:36.567 [main] WARN  s.d.s.r.o.OperationImplicitParameterReader - Unable to interpret the implicit parameter configuration with dataType: string, dataTypeClass: class java.lang.Void
22:15:36.568 [main] WARN  s.d.s.r.o.OperationImplicitParameterReader - Unable to interpret the implicit parameter configuration with dataType: string, dataTypeClass: class java.lang.Void
22:15:36.629 [main] WARN  s.d.s.r.o.OperationImplicitParameterReader - Unable to interpret the implicit parameter configuration with dataType: string, dataTypeClass: class java.lang.Void
22:15:36.630 [main] WARN  s.d.s.r.o.OperationImplicitParameterReader - Unable to interpret the implicit parameter configuration with dataType: string, dataTypeClass: class java.lang.Void
22:15:36.630 [main] WARN  s.d.s.r.o.OperationImplicitParameterReader - Unable to interpret the implicit parameter configuration with dataType: string, dataTypeClass: class java.lang.Void
22:15:36.630 [main] WARN  s.d.s.r.o.OperationImplicitParameterReader - Unable to interpret the implicit parameter configuration with dataType: string, dataTypeClass: class java.lang.Void
22:15:36.631 [main] WARN  s.d.s.r.o.OperationImplicitParameterReader - Unable to interpret the implicit parameter configuration with dataType: string, dataTypeClass: class java.lang.Void
22:15:36.631 [main] WARN  s.d.s.r.o.OperationImplicitParameterReader - Unable to interpret the implicit parameter configuration with dataType: string, dataTypeClass: class java.lang.Void
22:15:36.632 [main] WARN  s.d.s.r.o.OperationImplicitParameterReader - Unable to interpret the implicit parameter configuration with dataType: string, dataTypeClass: class java.lang.Void
22:15:36.632 [main] WARN  s.d.s.r.o.OperationImplicitParameterReader - Unable to interpret the implicit parameter configuration with dataType: string, dataTypeClass: class java.lang.Void
22:15:36.632 [main] WARN  s.d.s.r.o.OperationImplicitParameterReader - Unable to interpret the implicit parameter configuration with dataType: string, dataTypeClass: class java.lang.Void
22:15:36.632 [main] WARN  s.d.s.r.o.OperationImplicitParameterReader - Unable to interpret the implicit parameter configuration with dataType: string, dataTypeClass: class java.lang.Void
22:15:36.633 [main] WARN  s.d.s.r.o.OperationImplicitParameterReader - Unable to interpret the implicit parameter configuration with dataType: string, dataTypeClass: class java.lang.Void
22:15:36.633 [main] WARN  s.d.s.r.o.OperationImplicitParameterReader - Unable to interpret the implicit parameter configuration with dataType: string, dataTypeClass: class java.lang.Void
22:15:36.634 [main] WARN  s.d.s.r.o.OperationImplicitParameterReader - Unable to interpret the implicit parameter configuration with dataType: string, dataTypeClass: class java.lang.Void
22:15:37.128 [main] INFO  com.ep.yunq.YunqApplicationTests - Started YunqApplicationTests in 11.06 seconds (JVM running for 12.256)
22:15:37.270 [SpringContextShutdownHook] INFO  o.s.s.c.ThreadPoolTaskExecutor - Shutting down ExecutorService 'applicationTaskExecutor'
22:15:37.279 [SpringContextShutdownHook] INFO  o.s.o.j.LocalContainerEntityManagerFactoryBean - Closing JPA EntityManagerFactory for persistence unit 'default'
22:15:37.281 [SpringContextShutdownHook] INFO  com.zaxxer.hikari.HikariDataSource - HikariPool-1 - Shutdown initiated...
22:15:37.290 [SpringContextShutdownHook] INFO  com.zaxxer.hikari.HikariDataSource - HikariPool-1 - Shutdown completed.
22:16:48.841 [restartedMain] INFO  com.ep.yunq.YunqApplication - Starting YunqApplication using Java 1.8.0_212 on YYC-PC with PID 456 (D:\gcxl\target\classes started by yan in D:\gcxl)
22:16:48.843 [restartedMain] INFO  com.ep.yunq.YunqApplication - No active profile set, falling back to default profiles: default
22:16:48.876 [restartedMain] INFO  o.s.b.d.e.DevToolsPropertyDefaultsPostProcessor - Devtools property defaults active! Set 'spring.devtools.add-properties' to 'false' to disable
22:16:48.877 [restartedMain] INFO  o.s.b.d.e.DevToolsPropertyDefaultsPostProcessor - For additional web related logging consider setting the 'logging.level.web' property to 'DEBUG'
22:16:49.746 [restartedMain] INFO  o.s.d.r.c.RepositoryConfigurationDelegate - Multiple Spring Data modules found, entering strict repository configuration mode!
22:16:49.747 [restartedMain] INFO  o.s.d.r.c.RepositoryConfigurationDelegate - Bootstrapping Spring Data Elasticsearch repositories in DEFAULT mode.
22:16:49.776 [restartedMain] INFO  o.s.d.r.c.RepositoryConfigurationExtensionSupport - Spring Data Elasticsearch - Could not safely identify store assignment for repository candidate interface com.ep.yunq.domain.dao.AdminMenuDAO. If you want this repository to be a Elasticsearch repository, consider annotating your entities with one of these annotations: org.springframework.data.elasticsearch.annotations.Document (preferred), or consider extending one of the following types with your repository: org.springframework.data.elasticsearch.repository.ElasticsearchRepository, org.springframework.data.elasticsearch.repository.ElasticsearchRepository.
22:16:49.778 [restartedMain] INFO  o.s.d.r.c.RepositoryConfigurationExtensionSupport - Spring Data Elasticsearch - Could not safely identify store assignment for repository candidate interface com.ep.yunq.domain.dao.AdminRoleDAO. If you want this repository to be a Elasticsearch repository, consider annotating your entities with one of these annotations: org.springframework.data.elasticsearch.annotations.Document (preferred), or consider extending one of the following types with your repository: org.springframework.data.elasticsearch.repository.ElasticsearchRepository, org.springframework.data.elasticsearch.repository.ElasticsearchRepository.
22:16:49.780 [restartedMain] INFO  o.s.d.r.c.RepositoryConfigurationExtensionSupport - Spring Data Elasticsearch - Could not safely identify store assignment for repository candidate interface com.ep.yunq.domain.dao.AdminRoleToMenuDAO. If you want this repository to be a Elasticsearch repository, consider annotating your entities with one of these annotations: org.springframework.data.elasticsearch.annotations.Document (preferred), or consider extending one of the following types with your repository: org.springframework.data.elasticsearch.repository.ElasticsearchRepository, org.springframework.data.elasticsearch.repository.ElasticsearchRepository.
22:16:49.781 [restartedMain] INFO  o.s.d.r.c.RepositoryConfigurationExtensionSupport - Spring Data Elasticsearch - Could not safely identify store assignment for repository candidate interface com.ep.yunq.domain.dao.AdminRoleToPerDAO. If you want this repository to be a Elasticsearch repository, consider annotating your entities with one of these annotations: org.springframework.data.elasticsearch.annotations.Document (preferred), or consider extending one of the following types with your repository: org.springframework.data.elasticsearch.repository.ElasticsearchRepository, org.springframework.data.elasticsearch.repository.ElasticsearchRepository.
22:16:49.783 [restartedMain] INFO  o.s.d.r.c.RepositoryConfigurationExtensionSupport - Spring Data Elasticsearch - Could not safely identify store assignment for repository candidate interface com.ep.yunq.domain.dao.AdminUserToRoleDAO. If you want this repository to be a Elasticsearch repository, consider annotating your entities with one of these annotations: org.springframework.data.elasticsearch.annotations.Document (preferred), or consider extending one of the following types with your repository: org.springframework.data.elasticsearch.repository.ElasticsearchRepository, org.springframework.data.elasticsearch.repository.ElasticsearchRepository.
22:16:49.785 [restartedMain] INFO  o.s.d.r.c.RepositoryConfigurationExtensionSupport - Spring Data Elasticsearch - Could not safely identify store assignment for repository candidate interface com.ep.yunq.domain.dao.CourseDAO. If you want this repository to be a Elasticsearch repository, consider annotating your entities with one of these annotations: org.springframework.data.elasticsearch.annotations.Document (preferred), or consider extending one of the following types with your repository: org.springframework.data.elasticsearch.repository.ElasticsearchRepository, org.springframework.data.elasticsearch.repository.ElasticsearchRepository.
22:16:49.786 [restartedMain] INFO  o.s.d.r.c.RepositoryConfigurationExtensionSupport - Spring Data Elasticsearch - Could not safely identify store assignment for repository candidate interface com.ep.yunq.domain.dao.CourseSignInDAO. If you want this repository to be a Elasticsearch repository, consider annotating your entities with one of these annotations: org.springframework.data.elasticsearch.annotations.Document (preferred), or consider extending one of the following types with your repository: org.springframework.data.elasticsearch.repository.ElasticsearchRepository, org.springframework.data.elasticsearch.repository.ElasticsearchRepository.
22:16:49.788 [restartedMain] INFO  o.s.d.r.c.RepositoryConfigurationExtensionSupport - Spring Data Elasticsearch - Could not safely identify store assignment for repository candidate interface com.ep.yunq.domain.dao.CourseToStudentDAO. If you want this repository to be a Elasticsearch repository, consider annotating your entities with one of these annotations: org.springframework.data.elasticsearch.annotations.Document (preferred), or consider extending one of the following types with your repository: org.springframework.data.elasticsearch.repository.ElasticsearchRepository, org.springframework.data.elasticsearch.repository.ElasticsearchRepository.
22:16:49.790 [restartedMain] INFO  o.s.d.r.c.RepositoryConfigurationExtensionSupport - Spring Data Elasticsearch - Could not safely identify store assignment for repository candidate interface com.ep.yunq.domain.dao.DictionaryDetailDAO. If you want this repository to be a Elasticsearch repository, consider annotating your entities with one of these annotations: org.springframework.data.elasticsearch.annotations.Document (preferred), or consider extending one of the following types with your repository: org.springframework.data.elasticsearch.repository.ElasticsearchRepository, org.springframework.data.elasticsearch.repository.ElasticsearchRepository.
22:16:49.792 [restartedMain] INFO  o.s.d.r.c.RepositoryConfigurationExtensionSupport - Spring Data Elasticsearch - Could not safely identify store assignment for repository candidate interface com.ep.yunq.domain.dao.DictionaryTypeDAO. If you want this repository to be a Elasticsearch repository, consider annotating your entities with one of these annotations: org.springframework.data.elasticsearch.annotations.Document (preferred), or consider extending one of the following types with your repository: org.springframework.data.elasticsearch.repository.ElasticsearchRepository, org.springframework.data.elasticsearch.repository.ElasticsearchRepository.
22:16:49.794 [restartedMain] INFO  o.s.d.r.c.RepositoryConfigurationExtensionSupport - Spring Data Elasticsearch - Could not safely identify store assignment for repository candidate interface com.ep.yunq.domain.dao.PermissionResourceDAO. If you want this repository to be a Elasticsearch repository, consider annotating your entities with one of these annotations: org.springframework.data.elasticsearch.annotations.Document (preferred), or consider extending one of the following types with your repository: org.springframework.data.elasticsearch.repository.ElasticsearchRepository, org.springframework.data.elasticsearch.repository.ElasticsearchRepository.
22:16:49.796 [restartedMain] INFO  o.s.d.r.c.RepositoryConfigurationExtensionSupport - Spring Data Elasticsearch - Could not safely identify store assignment for repository candidate interface com.ep.yunq.domain.dao.SchoolInstitutionDAO. If you want this repository to be a Elasticsearch repository, consider annotating your entities with one of these annotations: org.springframework.data.elasticsearch.annotations.Document (preferred), or consider extending one of the following types with your repository: org.springframework.data.elasticsearch.repository.ElasticsearchRepository, org.springframework.data.elasticsearch.repository.ElasticsearchRepository.
22:16:49.798 [restartedMain] INFO  o.s.d.r.c.RepositoryConfigurationExtensionSupport - Spring Data Elasticsearch - Could not safely identify store assignment for repository candidate interface com.ep.yunq.domain.dao.StudentSignInDAO. If you want this repository to be a Elasticsearch repository, consider annotating your entities with one of these annotations: org.springframework.data.elasticsearch.annotations.Document (preferred), or consider extending one of the following types with your repository: org.springframework.data.elasticsearch.repository.ElasticsearchRepository, org.springframework.data.elasticsearch.repository.ElasticsearchRepository.
22:16:49.799 [restartedMain] INFO  o.s.d.r.c.RepositoryConfigurationExtensionSupport - Spring Data Elasticsearch - Could not safely identify store assignment for repository candidate interface com.ep.yunq.domain.dao.SysParamDAO. If you want this repository to be a Elasticsearch repository, consider annotating your entities with one of these annotations: org.springframework.data.elasticsearch.annotations.Document (preferred), or consider extending one of the following types with your repository: org.springframework.data.elasticsearch.repository.ElasticsearchRepository, org.springframework.data.elasticsearch.repository.ElasticsearchRepository.
22:16:49.801 [restartedMain] INFO  o.s.d.r.c.RepositoryConfigurationExtensionSupport - Spring Data Elasticsearch - Could not safely identify store assignment for repository candidate interface com.ep.yunq.domain.dao.UserAuthsDAO. If you want this repository to be a Elasticsearch repository, consider annotating your entities with one of these annotations: org.springframework.data.elasticsearch.annotations.Document (preferred), or consider extending one of the following types with your repository: org.springframework.data.elasticsearch.repository.ElasticsearchRepository, org.springframework.data.elasticsearch.repository.ElasticsearchRepository.
22:16:49.803 [restartedMain] INFO  o.s.d.r.c.RepositoryConfigurationExtensionSupport - Spring Data Elasticsearch - Could not safely identify store assignment for repository candidate interface com.ep.yunq.domain.dao.UserDAO. If you want this repository to be a Elasticsearch repository, consider annotating your entities with one of these annotations: org.springframework.data.elasticsearch.annotations.Document (preferred), or consider extending one of the following types with your repository: org.springframework.data.elasticsearch.repository.ElasticsearchRepository, org.springframework.data.elasticsearch.repository.ElasticsearchRepository.
22:16:49.804 [restartedMain] INFO  o.s.d.r.c.RepositoryConfigurationExtensionSupport - Spring Data Elasticsearch - Could not safely identify store assignment for repository candidate interface com.ep.yunq.domain.dao.UserInfoDAO. If you want this repository to be a Elasticsearch repository, consider annotating your entities with one of these annotations: org.springframework.data.elasticsearch.annotations.Document (preferred), or consider extending one of the following types with your repository: org.springframework.data.elasticsearch.repository.ElasticsearchRepository, org.springframework.data.elasticsearch.repository.ElasticsearchRepository.
22:16:49.805 [restartedMain] INFO  o.s.d.r.c.RepositoryConfigurationDelegate - Finished Spring Data repository scanning in 55 ms. Found 0 Elasticsearch repository interfaces.
22:16:49.808 [restartedMain] INFO  o.s.d.r.c.RepositoryConfigurationDelegate - Multiple Spring Data modules found, entering strict repository configuration mode!
22:16:49.808 [restartedMain] INFO  o.s.d.r.c.RepositoryConfigurationDelegate - Bootstrapping Spring Data Reactive Elasticsearch repositories in DEFAULT mode.
22:16:49.815 [restartedMain] INFO  o.s.d.r.c.RepositoryConfigurationExtensionSupport - Spring Data Reactive Elasticsearch - Could not safely identify store assignment for repository candidate interface com.ep.yunq.domain.dao.AdminMenuDAO. If you want this repository to be a Reactive Elasticsearch repository, consider annotating your entities with one of these annotations: org.springframework.data.elasticsearch.annotations.Document (preferred), or consider extending one of the following types with your repository: org.springframework.data.elasticsearch.repository.ReactiveElasticsearchRepository.
22:16:49.815 [restartedMain] INFO  o.s.d.r.c.RepositoryConfigurationExtensionSupport - Spring Data Reactive Elasticsearch - Could not safely identify store assignment for repository candidate interface com.ep.yunq.domain.dao.AdminRoleDAO. If you want this repository to be a Reactive Elasticsearch repository, consider annotating your entities with one of these annotations: org.springframework.data.elasticsearch.annotations.Document (preferred), or consider extending one of the following types with your repository: org.springframework.data.elasticsearch.repository.ReactiveElasticsearchRepository.
22:16:49.815 [restartedMain] INFO  o.s.d.r.c.RepositoryConfigurationExtensionSupport - Spring Data Reactive Elasticsearch - Could not safely identify store assignment for repository candidate interface com.ep.yunq.domain.dao.AdminRoleToMenuDAO. If you want this repository to be a Reactive Elasticsearch repository, consider annotating your entities with one of these annotations: org.springframework.data.elasticsearch.annotations.Document (preferred), or consider extending one of the following types with your repository: org.springframework.data.elasticsearch.repository.ReactiveElasticsearchRepository.
22:16:49.816 [restartedMain] INFO  o.s.d.r.c.RepositoryConfigurationExtensionSupport - Spring Data Reactive Elasticsearch - Could not safely identify store assignment for repository candidate interface com.ep.yunq.domain.dao.AdminRoleToPerDAO. If you want this repository to be a Reactive Elasticsearch repository, consider annotating your entities with one of these annotations: org.springframework.data.elasticsearch.annotations.Document (preferred), or consider extending one of the following types with your repository: org.springframework.data.elasticsearch.repository.ReactiveElasticsearchRepository.
22:16:49.816 [restartedMain] INFO  o.s.d.r.c.RepositoryConfigurationExtensionSupport - Spring Data Reactive Elasticsearch - Could not safely identify store assignment for repository candidate interface com.ep.yunq.domain.dao.AdminUserToRoleDAO. If you want this repository to be a Reactive Elasticsearch repository, consider annotating your entities with one of these annotations: org.springframework.data.elasticsearch.annotations.Document (preferred), or consider extending one of the following types with your repository: org.springframework.data.elasticsearch.repository.ReactiveElasticsearchRepository.
22:16:49.817 [restartedMain] INFO  o.s.d.r.c.RepositoryConfigurationExtensionSupport - Spring Data Reactive Elasticsearch - Could not safely identify store assignment for repository candidate interface com.ep.yunq.domain.dao.CourseDAO. If you want this repository to be a Reactive Elasticsearch repository, consider annotating your entities with one of these annotations: org.springframework.data.elasticsearch.annotations.Document (preferred), or consider extending one of the following types with your repository: org.springframework.data.elasticsearch.repository.ReactiveElasticsearchRepository.
22:16:49.817 [restartedMain] INFO  o.s.d.r.c.RepositoryConfigurationExtensionSupport - Spring Data Reactive Elasticsearch - Could not safely identify store assignment for repository candidate interface com.ep.yunq.domain.dao.CourseSignInDAO. If you want this repository to be a Reactive Elasticsearch repository, consider annotating your entities with one of these annotations: org.springframework.data.elasticsearch.annotations.Document (preferred), or consider extending one of the following types with your repository: org.springframework.data.elasticsearch.repository.ReactiveElasticsearchRepository.
22:16:49.818 [restartedMain] INFO  o.s.d.r.c.RepositoryConfigurationExtensionSupport - Spring Data Reactive Elasticsearch - Could not safely identify store assignment for repository candidate interface com.ep.yunq.domain.dao.CourseToStudentDAO. If you want this repository to be a Reactive Elasticsearch repository, consider annotating your entities with one of these annotations: org.springframework.data.elasticsearch.annotations.Document (preferred), or consider extending one of the following types with your repository: org.springframework.data.elasticsearch.repository.ReactiveElasticsearchRepository.
22:16:49.818 [restartedMain] INFO  o.s.d.r.c.RepositoryConfigurationExtensionSupport - Spring Data Reactive Elasticsearch - Could not safely identify store assignment for repository candidate interface com.ep.yunq.domain.dao.DictionaryDetailDAO. If you want this repository to be a Reactive Elasticsearch repository, consider annotating your entities with one of these annotations: org.springframework.data.elasticsearch.annotations.Document (preferred), or consider extending one of the following types with your repository: org.springframework.data.elasticsearch.repository.ReactiveElasticsearchRepository.
22:16:49.818 [restartedMain] INFO  o.s.d.r.c.RepositoryConfigurationExtensionSupport - Spring Data Reactive Elasticsearch - Could not safely identify store assignment for repository candidate interface com.ep.yunq.domain.dao.DictionaryTypeDAO. If you want this repository to be a Reactive Elasticsearch repository, consider annotating your entities with one of these annotations: org.springframework.data.elasticsearch.annotations.Document (preferred), or consider extending one of the following types with your repository: org.springframework.data.elasticsearch.repository.ReactiveElasticsearchRepository.
22:16:49.819 [restartedMain] INFO  o.s.d.r.c.RepositoryConfigurationExtensionSupport - Spring Data Reactive Elasticsearch - Could not safely identify store assignment for repository candidate interface com.ep.yunq.domain.dao.PermissionResourceDAO. If you want this repository to be a Reactive Elasticsearch repository, consider annotating your entities with one of these annotations: org.springframework.data.elasticsearch.annotations.Document (preferred), or consider extending one of the following types with your repository: org.springframework.data.elasticsearch.repository.ReactiveElasticsearchRepository.
22:16:49.819 [restartedMain] INFO  o.s.d.r.c.RepositoryConfigurationExtensionSupport - Spring Data Reactive Elasticsearch - Could not safely identify store assignment for repository candidate interface com.ep.yunq.domain.dao.SchoolInstitutionDAO. If you want this repository to be a Reactive Elasticsearch repository, consider annotating your entities with one of these annotations: org.springframework.data.elasticsearch.annotations.Document (preferred), or consider extending one of the following types with your repository: org.springframework.data.elasticsearch.repository.ReactiveElasticsearchRepository.
22:16:49.819 [restartedMain] INFO  o.s.d.r.c.RepositoryConfigurationExtensionSupport - Spring Data Reactive Elasticsearch - Could not safely identify store assignment for repository candidate interface com.ep.yunq.domain.dao.StudentSignInDAO. If you want this repository to be a Reactive Elasticsearch repository, consider annotating your entities with one of these annotations: org.springframework.data.elasticsearch.annotations.Document (preferred), or consider extending one of the following types with your repository: org.springframework.data.elasticsearch.repository.ReactiveElasticsearchRepository.
22:16:49.819 [restartedMain] INFO  o.s.d.r.c.RepositoryConfigurationExtensionSupport - Spring Data Reactive Elasticsearch - Could not safely identify store assignment for repository candidate interface com.ep.yunq.domain.dao.SysParamDAO. If you want this repository to be a Reactive Elasticsearch repository, consider annotating your entities with one of these annotations: org.springframework.data.elasticsearch.annotations.Document (preferred), or consider extending one of the following types with your repository: org.springframework.data.elasticsearch.repository.ReactiveElasticsearchRepository.
22:16:49.820 [restartedMain] INFO  o.s.d.r.c.RepositoryConfigurationExtensionSupport - Spring Data Reactive Elasticsearch - Could not safely identify store assignment for repository candidate interface com.ep.yunq.domain.dao.UserAuthsDAO. If you want this repository to be a Reactive Elasticsearch repository, consider annotating your entities with one of these annotations: org.springframework.data.elasticsearch.annotations.Document (preferred), or consider extending one of the following types with your repository: org.springframework.data.elasticsearch.repository.ReactiveElasticsearchRepository.
22:16:49.820 [restartedMain] INFO  o.s.d.r.c.RepositoryConfigurationExtensionSupport - Spring Data Reactive Elasticsearch - Could not safely identify store assignment for repository candidate interface com.ep.yunq.domain.dao.UserDAO. If you want this repository to be a Reactive Elasticsearch repository, consider annotating your entities with one of these annotations: org.springframework.data.elasticsearch.annotations.Document (preferred), or consider extending one of the following types with your repository: org.springframework.data.elasticsearch.repository.ReactiveElasticsearchRepository.
22:16:49.820 [restartedMain] INFO  o.s.d.r.c.RepositoryConfigurationExtensionSupport - Spring Data Reactive Elasticsearch - Could not safely identify store assignment for repository candidate interface com.ep.yunq.domain.dao.UserInfoDAO. If you want this repository to be a Reactive Elasticsearch repository, consider annotating your entities with one of these annotations: org.springframework.data.elasticsearch.annotations.Document (preferred), or consider extending one of the following types with your repository: org.springframework.data.elasticsearch.repository.ReactiveElasticsearchRepository.
22:16:49.820 [restartedMain] INFO  o.s.d.r.c.RepositoryConfigurationDelegate - Finished Spring Data repository scanning in 11 ms. Found 0 Reactive Elasticsearch repository interfaces.
22:16:49.827 [restartedMain] INFO  o.s.d.r.c.RepositoryConfigurationDelegate - Multiple Spring Data modules found, entering strict repository configuration mode!
22:16:49.827 [restartedMain] INFO  o.s.d.r.c.RepositoryConfigurationDelegate - Bootstrapping Spring Data JPA repositories in DEFAULT mode.
22:16:49.889 [restartedMain] INFO  o.s.d.r.c.RepositoryConfigurationDelegate - Finished Spring Data repository scanning in 57 ms. Found 17 JPA repository interfaces.
22:16:50.135 [restartedMain] INFO  o.s.c.s.PostProcessorRegistrationDelegate$BeanPostProcessorChecker - Bean 'redisConfig' of type [com.ep.yunq.infrastructure.config.RedisConfig$$EnhancerBySpringCGLIB$$d5fa59ef] is not eligible for getting processed by all BeanPostProcessors (for example: not eligible for auto-proxying)
22:16:50.407 [restartedMain] INFO  o.s.b.w.e.tomcat.TomcatWebServer - Tomcat initialized with port(s): 8080 (http)
22:16:50.414 [restartedMain] INFO  o.a.coyote.http11.Http11NioProtocol - Initializing ProtocolHandler ["http-nio-8080"]
22:16:50.414 [restartedMain] INFO  o.a.catalina.core.StandardService - Starting service [Tomcat]
22:16:50.415 [restartedMain] INFO  o.a.catalina.core.StandardEngine - Starting Servlet engine: [Apache Tomcat/9.0.43]
22:16:50.581 [restartedMain] INFO  o.a.c.c.C.[Tomcat].[localhost].[/] - Initializing Spring embedded WebApplicationContext
22:16:50.581 [restartedMain] INFO  o.s.b.w.s.c.ServletWebServerApplicationContext - Root WebApplicationContext: initialization completed in 1704 ms
22:16:50.867 [restartedMain] INFO  o.h.jpa.internal.util.LogHelper - HHH000204: Processing PersistenceUnitInfo [name: default]
22:16:50.901 [restartedMain] INFO  org.hibernate.Version - HHH000412: Hibernate ORM core version 5.4.28.Final
22:16:50.984 [restartedMain] INFO  o.h.annotations.common.Version - HCANN000001: Hibernate Commons Annotations {5.1.2.Final}
22:16:51.057 [restartedMain] INFO  com.zaxxer.hikari.HikariDataSource - HikariPool-1 - Starting...
22:16:51.607 [restartedMain] INFO  com.zaxxer.hikari.HikariDataSource - HikariPool-1 - Start completed.
22:16:51.625 [restartedMain] INFO  org.hibernate.dialect.Dialect - HHH000400: Using dialect: org.hibernate.dialect.MySQL8Dialect
22:16:52.231 [restartedMain] INFO  o.h.e.t.j.p.i.JtaPlatformInitiator - HHH000490: Using JtaPlatform implementation: [org.hibernate.engine.transaction.jta.platform.internal.NoJtaPlatform]
22:16:52.239 [restartedMain] INFO  o.s.o.j.LocalContainerEntityManagerFactoryBean - Initialized JPA EntityManagerFactory for persistence unit 'default'
22:16:53.553 [restartedMain] INFO  c.e.y.s.p.DatabasePathTreeProvider - [/api/test===get===[admin], /api/admins/**===*===[]]
22:16:53.667 [restartedMain] INFO  o.s.s.c.ThreadPoolTaskExecutor - Initializing ExecutorService 'applicationTaskExecutor'
22:16:53.694 [restartedMain] INFO  o.s.b.d.a.OptionalLiveReloadServer - LiveReload server is running on port 35729
22:16:53.771 [restartedMain] WARN  o.s.b.a.t.ThymeleafAutoConfiguration$DefaultTemplateResolverConfiguration - Cannot find template location: classpath:/templates/ (please add some templates or check your Thymeleaf configuration)
22:16:54.019 [restartedMain] WARN  o.s.data.convert.CustomConversions - Registering converter from class org.springframework.data.geo.Point to interface java.util.Map as writing converter although it doesn't convert to a store-supported type! You might want to check your annotation setup at the converter implementation.
22:16:54.020 [restartedMain] WARN  o.s.data.convert.CustomConversions - Registering converter from interface java.util.Map to class org.springframework.data.geo.Point as reading converter although it doesn't convert from a store-supported type! You might want to check your annotation setup at the converter implementation.
22:16:54.020 [restartedMain] WARN  o.s.data.convert.CustomConversions - Registering converter from class org.springframework.data.elasticsearch.core.geo.GeoPoint to interface java.util.Map as writing converter although it doesn't convert to a store-supported type! You might want to check your annotation setup at the converter implementation.
22:16:54.020 [restartedMain] WARN  o.s.data.convert.CustomConversions - Registering converter from interface java.util.Map to class org.springframework.data.elasticsearch.core.geo.GeoPoint as reading converter although it doesn't convert from a store-supported type! You might want to check your annotation setup at the converter implementation.
22:16:54.020 [restartedMain] WARN  o.s.data.convert.CustomConversions - Registering converter from interface org.springframework.data.elasticsearch.core.geo.GeoJson to interface java.util.Map as writing converter although it doesn't convert to a store-supported type! You might want to check your annotation setup at the converter implementation.
22:16:54.020 [restartedMain] WARN  o.s.data.convert.CustomConversions - Registering converter from interface java.util.Map to interface org.springframework.data.elasticsearch.core.geo.GeoJson as reading converter although it doesn't convert from a store-supported type! You might want to check your annotation setup at the converter implementation.
22:16:54.020 [restartedMain] WARN  o.s.data.convert.CustomConversions - Registering converter from class org.springframework.data.elasticsearch.core.geo.GeoJsonPoint to interface java.util.Map as writing converter although it doesn't convert to a store-supported type! You might want to check your annotation setup at the converter implementation.
22:16:54.020 [restartedMain] WARN  o.s.data.convert.CustomConversions - Registering converter from interface java.util.Map to class org.springframework.data.elasticsearch.core.geo.GeoJsonPoint as reading converter although it doesn't convert from a store-supported type! You might want to check your annotation setup at the converter implementation.
22:16:54.020 [restartedMain] WARN  o.s.data.convert.CustomConversions - Registering converter from class org.springframework.data.elasticsearch.core.geo.GeoJsonMultiPoint to interface java.util.Map as writing converter although it doesn't convert to a store-supported type! You might want to check your annotation setup at the converter implementation.
22:16:54.020 [restartedMain] WARN  o.s.data.convert.CustomConversions - Registering converter from interface java.util.Map to class org.springframework.data.elasticsearch.core.geo.GeoJsonMultiPoint as reading converter although it doesn't convert from a store-supported type! You might want to check your annotation setup at the converter implementation.
22:16:54.020 [restartedMain] WARN  o.s.data.convert.CustomConversions - Registering converter from class org.springframework.data.elasticsearch.core.geo.GeoJsonLineString to interface java.util.Map as writing converter although it doesn't convert to a store-supported type! You might want to check your annotation setup at the converter implementation.
22:16:54.020 [restartedMain] WARN  o.s.data.convert.CustomConversions - Registering converter from interface java.util.Map to class org.springframework.data.elasticsearch.core.geo.GeoJsonLineString as reading converter although it doesn't convert from a store-supported type! You might want to check your annotation setup at the converter implementation.
22:16:54.020 [restartedMain] WARN  o.s.data.convert.CustomConversions - Registering converter from class org.springframework.data.elasticsearch.core.geo.GeoJsonMultiLineString to interface java.util.Map as writing converter although it doesn't convert to a store-supported type! You might want to check your annotation setup at the converter implementation.
22:16:54.021 [restartedMain] WARN  o.s.data.convert.CustomConversions - Registering converter from interface java.util.Map to class org.springframework.data.elasticsearch.core.geo.GeoJsonMultiLineString as reading converter although it doesn't convert from a store-supported type! You might want to check your annotation setup at the converter implementation.
22:16:54.021 [restartedMain] WARN  o.s.data.convert.CustomConversions - Registering converter from class org.springframework.data.elasticsearch.core.geo.GeoJsonPolygon to interface java.util.Map as writing converter although it doesn't convert to a store-supported type! You might want to check your annotation setup at the converter implementation.
22:16:54.021 [restartedMain] WARN  o.s.data.convert.CustomConversions - Registering converter from interface java.util.Map to class org.springframework.data.elasticsearch.core.geo.GeoJsonPolygon as reading converter although it doesn't convert from a store-supported type! You might want to check your annotation setup at the converter implementation.
22:16:54.021 [restartedMain] WARN  o.s.data.convert.CustomConversions - Registering converter from class org.springframework.data.elasticsearch.core.geo.GeoJsonMultiPolygon to interface java.util.Map as writing converter although it doesn't convert to a store-supported type! You might want to check your annotation setup at the converter implementation.
22:16:54.021 [restartedMain] WARN  o.s.data.convert.CustomConversions - Registering converter from interface java.util.Map to class org.springframework.data.elasticsearch.core.geo.GeoJsonMultiPolygon as reading converter although it doesn't convert from a store-supported type! You might want to check your annotation setup at the converter implementation.
22:16:54.021 [restartedMain] WARN  o.s.data.convert.CustomConversions - Registering converter from class org.springframework.data.elasticsearch.core.geo.GeoJsonGeometryCollection to interface java.util.Map as writing converter although it doesn't convert to a store-supported type! You might want to check your annotation setup at the converter implementation.
22:16:54.021 [restartedMain] WARN  o.s.data.convert.CustomConversions - Registering converter from interface java.util.Map to class org.springframework.data.elasticsearch.core.geo.GeoJsonGeometryCollection as reading converter although it doesn't convert from a store-supported type! You might want to check your annotation setup at the converter implementation.
22:16:55.090 [restartedMain] INFO  o.s.d.e.support.VersionInfo - Version Spring Data Elasticsearch: 4.1.5
22:16:55.090 [restartedMain] INFO  o.s.d.e.support.VersionInfo - Version Elasticsearch Client in build: 7.9.3
22:16:55.090 [restartedMain] INFO  o.s.d.e.support.VersionInfo - Version Elasticsearch Client used: 7.9.3
22:16:55.204 [restartedMain] INFO  o.a.coyote.http11.Http11NioProtocol - Starting ProtocolHandler ["http-nio-8080"]
22:16:55.213 [restartedMain] INFO  o.s.b.w.e.tomcat.TomcatWebServer - Tomcat started on port(s): 8080 (http) with context path ''
22:16:55.337 [restartedMain] WARN  s.d.s.r.o.OperationImplicitParameterReader - Unable to interpret the implicit parameter configuration with dataType: string, dataTypeClass: class java.lang.Void
22:16:55.347 [restartedMain] WARN  s.d.s.r.o.OperationImplicitParameterReader - Unable to interpret the implicit parameter configuration with dataType: string, dataTypeClass: class java.lang.Void
22:16:55.347 [restartedMain] WARN  s.d.s.r.o.OperationImplicitParameterReader - Unable to interpret the implicit parameter configuration with dataType: string, dataTypeClass: class java.lang.Void
22:16:55.348 [restartedMain] WARN  s.d.s.r.o.OperationImplicitParameterReader - Unable to interpret the implicit parameter configuration with dataType: string, dataTypeClass: class java.lang.Void
22:16:55.348 [restartedMain] WARN  s.d.s.r.o.OperationImplicitParameterReader - Unable to interpret the implicit parameter configuration with dataType: string, dataTypeClass: class java.lang.Void
22:16:55.349 [restartedMain] WARN  s.d.s.r.o.OperationImplicitParameterReader - Unable to interpret the implicit parameter configuration with dataType: string, dataTypeClass: class java.lang.Void
22:16:55.349 [restartedMain] WARN  s.d.s.r.o.OperationImplicitParameterReader - Unable to interpret the implicit parameter configuration with dataType: string, dataTypeClass: class java.lang.Void
22:16:55.349 [restartedMain] WARN  s.d.s.r.o.OperationImplicitParameterReader - Unable to interpret the implicit parameter configuration with dataType: string, dataTypeClass: class java.lang.Void
22:16:55.349 [restartedMain] WARN  s.d.s.r.o.OperationImplicitParameterReader - Unable to interpret the implicit parameter configuration with dataType: string, dataTypeClass: class java.lang.Void
22:16:55.350 [restartedMain] WARN  s.d.s.r.o.OperationImplicitParameterReader - Unable to interpret the implicit parameter configuration with dataType: string, dataTypeClass: class java.lang.Void
22:16:55.350 [restartedMain] WARN  s.d.s.r.o.OperationImplicitParameterReader - Unable to interpret the implicit parameter configuration with dataType: string, dataTypeClass: class java.lang.Void
22:16:55.350 [restartedMain] WARN  s.d.s.r.o.OperationImplicitParameterReader - Unable to interpret the implicit parameter configuration with dataType: string, dataTypeClass: class java.lang.Void
22:16:55.396 [restartedMain] WARN  s.d.s.r.o.OperationImplicitParameterReader - Unable to interpret the implicit parameter configuration with dataType: string, dataTypeClass: class java.lang.Void
22:16:55.397 [restartedMain] WARN  s.d.s.r.o.OperationImplicitParameterReader - Unable to interpret the implicit parameter configuration with dataType: string, dataTypeClass: class java.lang.Void
22:16:55.397 [restartedMain] WARN  s.d.s.r.o.OperationImplicitParameterReader - Unable to interpret the implicit parameter configuration with dataType: string, dataTypeClass: class java.lang.Void
22:16:55.397 [restartedMain] WARN  s.d.s.r.o.OperationImplicitParameterReader - Unable to interpret the implicit parameter configuration with dataType: string, dataTypeClass: class java.lang.Void
22:16:55.398 [restartedMain] WARN  s.d.s.r.o.OperationImplicitParameterReader - Unable to interpret the implicit parameter configuration with dataType: string, dataTypeClass: class java.lang.Void
22:16:55.398 [restartedMain] WARN  s.d.s.r.o.OperationImplicitParameterReader - Unable to interpret the implicit parameter configuration with dataType: string, dataTypeClass: class java.lang.Void
22:16:55.398 [restartedMain] WARN  s.d.s.r.o.OperationImplicitParameterReader - Unable to interpret the implicit parameter configuration with dataType: string, dataTypeClass: class java.lang.Void
22:16:55.399 [restartedMain] WARN  s.d.s.r.o.OperationImplicitParameterReader - Unable to interpret the implicit parameter configuration with dataType: string, dataTypeClass: class java.lang.Void
22:16:55.399 [restartedMain] WARN  s.d.s.r.o.OperationImplicitParameterReader - Unable to interpret the implicit parameter configuration with dataType: string, dataTypeClass: class java.lang.Void
22:16:55.399 [restartedMain] WARN  s.d.s.r.o.OperationImplicitParameterReader - Unable to interpret the implicit parameter configuration with dataType: string, dataTypeClass: class java.lang.Void
22:16:55.399 [restartedMain] WARN  s.d.s.r.o.OperationImplicitParameterReader - Unable to interpret the implicit parameter configuration with dataType: string, dataTypeClass: class java.lang.Void
22:16:55.400 [restartedMain] WARN  s.d.s.r.o.OperationImplicitParameterReader - Unable to interpret the implicit parameter configuration with dataType: string, dataTypeClass: class java.lang.Void
22:16:55.400 [restartedMain] WARN  s.d.s.r.o.OperationImplicitParameterReader - Unable to interpret the implicit parameter configuration with dataType: string, dataTypeClass: class java.lang.Void
22:16:55.742 [restartedMain] INFO  com.ep.yunq.YunqApplication - Started YunqApplication in 7.347 seconds (JVM running for 8.708)
